CRITICAL - 2022-03-14 07:16:42 --> syntax error, unexpected variable "$inf"
#0 C:\xampp2\htdocs\contratos\system\View\View.php(213): CodeIgniter\View\View->CodeIgniter\View\{closure}()
#1 C:\xampp2\htdocs\contratos\system\Common.php(1089): CodeIgniter\View\View->render('busca_contrato_...', Array, true)
#2 C:\xampp2\htdocs\contratos\app\Controllers\ContratoController.php(121): view('busca_contrato_...', Array)
#3 C:\xampp2\htdocs\contratos\system\CodeIgniter.php(825): App\Controllers\ContratoController->buscar_contrato()
#4 C:\xampp2\htdocs\contratos\system\CodeIgniter.php(412): CodeIgniter\CodeIgniter->runController(Object(App\Controllers\ContratoController))
#5 C:\xampp2\htdocs\contratos\system\CodeIgniter.php(320): CodeIgniter\CodeIgniter->handleRequest(NULL, Object(Config\Cache), false)
#6 C:\xampp2\htdocs\contratos\public\index.php(37): CodeIgniter\CodeIgniter->run()
#7 {main}
CRITICAL - 2022-03-14 07:32:40 --> foreach() argument must be of type array|object, null given
#0 C:\xampp2\htdocs\contratos\app\Views\contrato_vence_view.php(88): CodeIgniter\Debug\Exceptions->errorHandler(2, 'foreach() argum...', 'C:\\xampp2\\htdoc...', 88)
#1 C:\xampp2\htdocs\contratos\system\View\View.php(210): include('C:\\xampp2\\htdoc...')
#2 C:\xampp2\htdocs\contratos\system\View\View.php(213): CodeIgniter\View\View->CodeIgniter\View\{closure}()
#3 C:\xampp2\htdocs\contratos\system\Common.php(1089): CodeIgniter\View\View->render('contrato_vence_...', Array, true)
#4 C:\xampp2\htdocs\contratos\app\Controllers\ContratoController.php(191): view('contrato_vence_...', Array)
#5 C:\xampp2\htdocs\contratos\system\CodeIgniter.php(825): App\Controllers\ContratoController->vence_contrato()
#6 C:\xampp2\htdocs\contratos\system\CodeIgniter.php(412): CodeIgniter\CodeIgniter->runController(Object(App\Controllers\ContratoController))
#7 C:\xampp2\htdocs\contratos\system\CodeIgniter.php(320): CodeIgniter\CodeIgniter->handleRequest(NULL, Object(Config\Cache), false)
#8 C:\xampp2\htdocs\contratos\public\index.php(37): CodeIgniter\CodeIgniter->run()
#9 {main}
CRITICAL - 2022-03-14 07:36:51 --> Array to string conversion
#0 C:\xampp2\htdocs\contratos\app\Controllers\ContratoController.php(191): CodeIgniter\Debug\Exceptions->errorHandler(2, 'Array to string...', 'C:\\xampp2\\htdoc...', 191)
#1 C:\xampp2\htdocs\contratos\system\CodeIgniter.php(825): App\Controllers\ContratoController->vence_contrato()
#2 C:\xampp2\htdocs\contratos\system\CodeIgniter.php(412): CodeIgniter\CodeIgniter->runController(Object(App\Controllers\ContratoController))
#3 C:\xampp2\htdocs\contratos\system\CodeIgniter.php(320): CodeIgniter\CodeIgniter->handleRequest(NULL, Object(Config\Cache), false)
#4 C:\xampp2\htdocs\contratos\public\index.php(37): CodeIgniter\CodeIgniter->run()
#5 {main}
CRITICAL - 2022-03-14 07:39:24 --> foreach() argument must be of type array|object, null given
#0 C:\xampp2\htdocs\contratos\app\Views\contrato_vence_view.php(88): CodeIgniter\Debug\Exceptions->errorHandler(2, 'foreach() argum...', 'C:\\xampp2\\htdoc...', 88)
#1 C:\xampp2\htdocs\contratos\system\View\View.php(210): include('C:\\xampp2\\htdoc...')
#2 C:\xampp2\htdocs\contratos\system\View\View.php(213): CodeIgniter\View\View->CodeIgniter\View\{closure}()
#3 C:\xampp2\htdocs\contratos\system\Common.php(1089): CodeIgniter\View\View->render('contrato_vence_...', Array, true)
#4 C:\xampp2\htdocs\contratos\app\Controllers\ContratoController.php(191): view('contrato_vence_...', Array)
#5 C:\xampp2\htdocs\contratos\system\CodeIgniter.php(825): App\Controllers\ContratoController->vence_contrato()
#6 C:\xampp2\htdocs\contratos\system\CodeIgniter.php(412): CodeIgniter\CodeIgniter->runController(Object(App\Controllers\ContratoController))
#7 C:\xampp2\htdocs\contratos\system\CodeIgniter.php(320): CodeIgniter\CodeIgniter->handleRequest(NULL, Object(Config\Cache), false)
#8 C:\xampp2\htdocs\contratos\public\index.php(37): CodeIgniter\CodeIgniter->run()
#9 {main}
CRITICAL - 2022-03-14 07:40:14 --> foreach() argument must be of type array|object, null given
#0 C:\xampp2\htdocs\contratos\app\Views\contrato_vence_view.php(88): CodeIgniter\Debug\Exceptions->errorHandler(2, 'foreach() argum...', 'C:\\xampp2\\htdoc...', 88)
#1 C:\xampp2\htdocs\contratos\system\View\View.php(210): include('C:\\xampp2\\htdoc...')
#2 C:\xampp2\htdocs\contratos\system\View\View.php(213): CodeIgniter\View\View->CodeIgniter\View\{closure}()
#3 C:\xampp2\htdocs\contratos\system\Common.php(1089): CodeIgniter\View\View->render('contrato_vence_...', Array, true)
#4 C:\xampp2\htdocs\contratos\app\Controllers\ContratoController.php(191): view('contrato_vence_...', Array)
#5 C:\xampp2\htdocs\contratos\system\CodeIgniter.php(825): App\Controllers\ContratoController->vence_contrato()
#6 C:\xampp2\htdocs\contratos\system\CodeIgniter.php(412): CodeIgniter\CodeIgniter->runController(Object(App\Controllers\ContratoController))
#7 C:\xampp2\htdocs\contratos\system\CodeIgniter.php(320): CodeIgniter\CodeIgniter->handleRequest(NULL, Object(Config\Cache), false)
#8 C:\xampp2\htdocs\contratos\public\index.php(37): CodeIgniter\CodeIgniter->run()
#9 {main}
CRITICAL - 2022-03-14 07:41:30 --> foreach() argument must be of type array|object, int given
#0 C:\xampp2\htdocs\contratos\app\Views\contrato_vence_view.php(88): CodeIgniter\Debug\Exceptions->errorHandler(2, 'foreach() argum...', 'C:\\xampp2\\htdoc...', 88)
#1 C:\xampp2\htdocs\contratos\system\View\View.php(210): include('C:\\xampp2\\htdoc...')
#2 C:\xampp2\htdocs\contratos\system\View\View.php(213): CodeIgniter\View\View->CodeIgniter\View\{closure}()
#3 C:\xampp2\htdocs\contratos\system\Common.php(1089): CodeIgniter\View\View->render('contrato_vence_...', Array, true)
#4 C:\xampp2\htdocs\contratos\app\Controllers\ContratoController.php(191): view('contrato_vence_...', Array)
#5 C:\xampp2\htdocs\contratos\system\CodeIgniter.php(825): App\Controllers\ContratoController->vence_contrato()
#6 C:\xampp2\htdocs\contratos\system\CodeIgniter.php(412): CodeIgniter\CodeIgniter->runController(Object(App\Controllers\ContratoController))
#7 C:\xampp2\htdocs\contratos\system\CodeIgniter.php(320): CodeIgniter\CodeIgniter->handleRequest(NULL, Object(Config\Cache), false)
#8 C:\xampp2\htdocs\contratos\public\index.php(37): CodeIgniter\CodeIgniter->run()
#9 {main}
CRITICAL - 2022-03-14 07:41:34 --> foreach() argument must be of type array|object, int given
#0 C:\xampp2\htdocs\contratos\app\Views\contrato_vence_view.php(88): CodeIgniter\Debug\Exceptions->errorHandler(2, 'foreach() argum...', 'C:\\xampp2\\htdoc...', 88)
#1 C:\xampp2\htdocs\contratos\system\View\View.php(210): include('C:\\xampp2\\htdoc...')
#2 C:\xampp2\htdocs\contratos\system\View\View.php(213): CodeIgniter\View\View->CodeIgniter\View\{closure}()
#3 C:\xampp2\htdocs\contratos\system\Common.php(1089): CodeIgniter\View\View->render('contrato_vence_...', Array, true)
#4 C:\xampp2\htdocs\contratos\app\Controllers\ContratoController.php(191): view('contrato_vence_...', Array)
#5 C:\xampp2\htdocs\contratos\system\CodeIgniter.php(825): App\Controllers\ContratoController->vence_contrato()
#6 C:\xampp2\htdocs\contratos\system\CodeIgniter.php(412): CodeIgniter\CodeIgniter->runController(Object(App\Controllers\ContratoController))
#7 C:\xampp2\htdocs\contratos\system\CodeIgniter.php(320): CodeIgniter\CodeIgniter->handleRequest(NULL, Object(Config\Cache), false)
#8 C:\xampp2\htdocs\contratos\public\index.php(37): CodeIgniter\CodeIgniter->run()
#9 {main}
CRITICAL - 2022-03-14 07:49:12 --> Undefined variable $list
#0 C:\xampp2\htdocs\contratos\app\Views\contrato_vence_view.php(88): CodeIgniter\Debug\Exceptions->errorHandler(2, 'Undefined varia...', 'C:\\xampp2\\htdoc...', 88)
#1 C:\xampp2\htdocs\contratos\system\View\View.php(210): include('C:\\xampp2\\htdoc...')
#2 C:\xampp2\htdocs\contratos\system\View\View.php(213): CodeIgniter\View\View->CodeIgniter\View\{closure}()
#3 C:\xampp2\htdocs\contratos\system\Common.php(1089): CodeIgniter\View\View->render('contrato_vence_...', Array, true)
#4 C:\xampp2\htdocs\contratos\app\Controllers\ContratoController.php(212): view('contrato_vence_...', Array)
#5 C:\xampp2\htdocs\contratos\system\CodeIgniter.php(825): App\Controllers\ContratoController->buscar_vence_contrato()
#6 C:\xampp2\htdocs\contratos\system\CodeIgniter.php(412): CodeIgniter\CodeIgniter->runController(Object(App\Controllers\ContratoController))
#7 C:\xampp2\htdocs\contratos\system\CodeIgniter.php(320): CodeIgniter\CodeIgniter->handleRequest(NULL, Object(Config\Cache), false)
#8 C:\xampp2\htdocs\contratos\public\index.php(37): CodeIgniter\CodeIgniter->run()
#9 {main}
CRITICAL - 2022-03-14 07:51:12 --> Undefined variable $arr
#0 C:\xampp2\htdocs\contratos\app\Controllers\ContratoController.php(212): CodeIgniter\Debug\Exceptions->errorHandler(2, 'Undefined varia...', 'C:\\xampp2\\htdoc...', 212)
#1 C:\xampp2\htdocs\contratos\system\CodeIgniter.php(825): App\Controllers\ContratoController->buscar_vence_contrato()
#2 C:\xampp2\htdocs\contratos\system\CodeIgniter.php(412): CodeIgniter\CodeIgniter->runController(Object(App\Controllers\ContratoController))
#3 C:\xampp2\htdocs\contratos\system\CodeIgniter.php(320): CodeIgniter\CodeIgniter->handleRequest(NULL, Object(Config\Cache), false)
#4 C:\xampp2\htdocs\contratos\public\index.php(37): CodeIgniter\CodeIgniter->run()
#5 {main}
CRITICAL - 2022-03-14 07:51:50 --> foreach() argument must be of type array|object, null given
#0 C:\xampp2\htdocs\contratos\app\Views\contrato_vence_view.php(88): CodeIgniter\Debug\Exceptions->errorHandler(2, 'foreach() argum...', 'C:\\xampp2\\htdoc...', 88)
#1 C:\xampp2\htdocs\contratos\system\View\View.php(210): include('C:\\xampp2\\htdoc...')
#2 C:\xampp2\htdocs\contratos\system\View\View.php(213): CodeIgniter\View\View->CodeIgniter\View\{closure}()
#3 C:\xampp2\htdocs\contratos\system\Common.php(1089): CodeIgniter\View\View->render('contrato_vence_...', Array, true)
#4 C:\xampp2\htdocs\contratos\app\Controllers\ContratoController.php(215): view('contrato_vence_...', Array)
#5 C:\xampp2\htdocs\contratos\system\CodeIgniter.php(825): App\Controllers\ContratoController->buscar_vence_contrato()
#6 C:\xampp2\htdocs\contratos\system\CodeIgniter.php(412): CodeIgniter\CodeIgniter->runController(Object(App\Controllers\ContratoController))
#7 C:\xampp2\htdocs\contratos\system\CodeIgniter.php(320): CodeIgniter\CodeIgniter->handleRequest(NULL, Object(Config\Cache), false)
#8 C:\xampp2\htdocs\contratos\public\index.php(37): CodeIgniter\CodeIgniter->run()
#9 {main}
CRITICAL - 2022-03-14 07:52:19 --> foreach() argument must be of type array|object, null given
#0 C:\xampp2\htdocs\contratos\app\Views\contrato_vence_view.php(88): CodeIgniter\Debug\Exceptions->errorHandler(2, 'foreach() argum...', 'C:\\xampp2\\htdoc...', 88)
#1 C:\xampp2\htdocs\contratos\system\View\View.php(210): include('C:\\xampp2\\htdoc...')
#2 C:\xampp2\htdocs\contratos\system\View\View.php(213): CodeIgniter\View\View->CodeIgniter\View\{closure}()
#3 C:\xampp2\htdocs\contratos\system\Common.php(1089): CodeIgniter\View\View->render('contrato_vence_...', Array, true)
#4 C:\xampp2\htdocs\contratos\app\Controllers\ContratoController.php(215): view('contrato_vence_...', Array)
#5 C:\xampp2\htdocs\contratos\system\CodeIgniter.php(825): App\Controllers\ContratoController->buscar_vence_contrato()
#6 C:\xampp2\htdocs\contratos\system\CodeIgniter.php(412): CodeIgniter\CodeIgniter->runController(Object(App\Controllers\ContratoController))
#7 C:\xampp2\htdocs\contratos\system\CodeIgniter.php(320): CodeIgniter\CodeIgniter->handleRequest(NULL, Object(Config\Cache), false)
#8 C:\xampp2\htdocs\contratos\public\index.php(37): CodeIgniter\CodeIgniter->run()
#9 {main}
CRITICAL - 2022-03-14 07:53:07 --> foreach() argument must be of type array|object, null given
#0 C:\xampp2\htdocs\contratos\app\Views\contrato_vence_view.php(88): CodeIgniter\Debug\Exceptions->errorHandler(2, 'foreach() argum...', 'C:\\xampp2\\htdoc...', 88)
#1 C:\xampp2\htdocs\contratos\system\View\View.php(210): include('C:\\xampp2\\htdoc...')
#2 C:\xampp2\htdocs\contratos\system\View\View.php(213): CodeIgniter\View\View->CodeIgniter\View\{closure}()
#3 C:\xampp2\htdocs\contratos\system\Common.php(1089): CodeIgniter\View\View->render('contrato_vence_...', Array, true)
#4 C:\xampp2\htdocs\contratos\app\Controllers\ContratoController.php(215): view('contrato_vence_...', Array)
#5 C:\xampp2\htdocs\contratos\system\CodeIgniter.php(825): App\Controllers\ContratoController->buscar_vence_contrato()
#6 C:\xampp2\htdocs\contratos\system\CodeIgniter.php(412): CodeIgniter\CodeIgniter->runController(Object(App\Controllers\ContratoController))
#7 C:\xampp2\htdocs\contratos\system\CodeIgniter.php(320): CodeIgniter\CodeIgniter->handleRequest(NULL, Object(Config\Cache), false)
#8 C:\xampp2\htdocs\contratos\public\index.php(37): CodeIgniter\CodeIgniter->run()
#9 {main}
CRITICAL - 2022-03-14 07:57:16 --> foreach() argument must be of type array|object, null given
#0 C:\xampp2\htdocs\contratos\app\Views\contrato_vence_view.php(88): CodeIgniter\Debug\Exceptions->errorHandler(2, 'foreach() argum...', 'C:\\xampp2\\htdoc...', 88)
#1 C:\xampp2\htdocs\contratos\system\View\View.php(210): include('C:\\xampp2\\htdoc...')
#2 C:\xampp2\htdocs\contratos\system\View\View.php(213): CodeIgniter\View\View->CodeIgniter\View\{closure}()
#3 C:\xampp2\htdocs\contratos\system\Common.php(1089): CodeIgniter\View\View->render('contrato_vence_...', Array, true)
#4 C:\xampp2\htdocs\contratos\app\Controllers\ContratoController.php(215): view('contrato_vence_...', Array)
#5 C:\xampp2\htdocs\contratos\system\CodeIgniter.php(825): App\Controllers\ContratoController->buscar_vence_contrato()
#6 C:\xampp2\htdocs\contratos\system\CodeIgniter.php(412): CodeIgniter\CodeIgniter->runController(Object(App\Controllers\ContratoController))
#7 C:\xampp2\htdocs\contratos\system\CodeIgniter.php(320): CodeIgniter\CodeIgniter->handleRequest(NULL, Object(Config\Cache), false)
#8 C:\xampp2\htdocs\contratos\public\index.php(37): CodeIgniter\CodeIgniter->run()
#9 {main}
CRITICAL - 2022-03-14 07:58:38 --> foreach() argument must be of type array|object, null given
#0 C:\xampp2\htdocs\contratos\app\Views\contrato_vence_view.php(88): CodeIgniter\Debug\Exceptions->errorHandler(2, 'foreach() argum...', 'C:\\xampp2\\htdoc...', 88)
#1 C:\xampp2\htdocs\contratos\system\View\View.php(210): include('C:\\xampp2\\htdoc...')
#2 C:\xampp2\htdocs\contratos\system\View\View.php(213): CodeIgniter\View\View->CodeIgniter\View\{closure}()
#3 C:\xampp2\htdocs\contratos\system\Common.php(1089): CodeIgniter\View\View->render('contrato_vence_...', Array, true)
#4 C:\xampp2\htdocs\contratos\app\Controllers\ContratoController.php(215): view('contrato_vence_...', Array)
#5 C:\xampp2\htdocs\contratos\system\CodeIgniter.php(825): App\Controllers\ContratoController->buscar_vence_contrato()
#6 C:\xampp2\htdocs\contratos\system\CodeIgniter.php(412): CodeIgniter\CodeIgniter->runController(Object(App\Controllers\ContratoController))
#7 C:\xampp2\htdocs\contratos\system\CodeIgniter.php(320): CodeIgniter\CodeIgniter->handleRequest(NULL, Object(Config\Cache), false)
#8 C:\xampp2\htdocs\contratos\public\index.php(37): CodeIgniter\CodeIgniter->run()
#9 {main}
CRITICAL - 2022-03-14 07:58:58 --> foreach() argument must be of type array|object, null given
#0 C:\xampp2\htdocs\contratos\app\Views\contrato_vence_view.php(88): CodeIgniter\Debug\Exceptions->errorHandler(2, 'foreach() argum...', 'C:\\xampp2\\htdoc...', 88)
#1 C:\xampp2\htdocs\contratos\system\View\View.php(210): include('C:\\xampp2\\htdoc...')
#2 C:\xampp2\htdocs\contratos\system\View\View.php(213): CodeIgniter\View\View->CodeIgniter\View\{closure}()
#3 C:\xampp2\htdocs\contratos\system\Common.php(1089): CodeIgniter\View\View->render('contrato_vence_...', Array, true)
#4 C:\xampp2\htdocs\contratos\app\Controllers\ContratoController.php(215): view('contrato_vence_...', Array)
#5 C:\xampp2\htdocs\contratos\system\CodeIgniter.php(825): App\Controllers\ContratoController->buscar_vence_contrato()
#6 C:\xampp2\htdocs\contratos\system\CodeIgniter.php(412): CodeIgniter\CodeIgniter->runController(Object(App\Controllers\ContratoController))
#7 C:\xampp2\htdocs\contratos\system\CodeIgniter.php(320): CodeIgniter\CodeIgniter->handleRequest(NULL, Object(Config\Cache), false)
#8 C:\xampp2\htdocs\contratos\public\index.php(37): CodeIgniter\CodeIgniter->run()
#9 {main}
CRITICAL - 2022-03-14 07:59:07 --> foreach() argument must be of type array|object, null given
#0 C:\xampp2\htdocs\contratos\app\Views\contrato_vence_view.php(88): CodeIgniter\Debug\Exceptions->errorHandler(2, 'foreach() argum...', 'C:\\xampp2\\htdoc...', 88)
#1 C:\xampp2\htdocs\contratos\system\View\View.php(210): include('C:\\xampp2\\htdoc...')
#2 C:\xampp2\htdocs\contratos\system\View\View.php(213): CodeIgniter\View\View->CodeIgniter\View\{closure}()
#3 C:\xampp2\htdocs\contratos\system\Common.php(1089): CodeIgniter\View\View->render('contrato_vence_...', Array, true)
#4 C:\xampp2\htdocs\contratos\app\Controllers\ContratoController.php(215): view('contrato_vence_...', Array)
#5 C:\xampp2\htdocs\contratos\system\CodeIgniter.php(825): App\Controllers\ContratoController->buscar_vence_contrato()
#6 C:\xampp2\htdocs\contratos\system\CodeIgniter.php(412): CodeIgniter\CodeIgniter->runController(Object(App\Controllers\ContratoController))
#7 C:\xampp2\htdocs\contratos\system\CodeIgniter.php(320): CodeIgniter\CodeIgniter->handleRequest(NULL, Object(Config\Cache), false)
#8 C:\xampp2\htdocs\contratos\public\index.php(37): CodeIgniter\CodeIgniter->run()
#9 {main}
CRITICAL - 2022-03-14 07:59:18 --> foreach() argument must be of type array|object, null given
#0 C:\xampp2\htdocs\contratos\app\Views\contrato_vence_view.php(88): CodeIgniter\Debug\Exceptions->errorHandler(2, 'foreach() argum...', 'C:\\xampp2\\htdoc...', 88)
#1 C:\xampp2\htdocs\contratos\system\View\View.php(210): include('C:\\xampp2\\htdoc...')
#2 C:\xampp2\htdocs\contratos\system\View\View.php(213): CodeIgniter\View\View->CodeIgniter\View\{closure}()
#3 C:\xampp2\htdocs\contratos\system\Common.php(1089): CodeIgniter\View\View->render('contrato_vence_...', Array, true)
#4 C:\xampp2\htdocs\contratos\app\Controllers\ContratoController.php(215): view('contrato_vence_...', Array)
#5 C:\xampp2\htdocs\contratos\system\CodeIgniter.php(825): App\Controllers\ContratoController->buscar_vence_contrato()
#6 C:\xampp2\htdocs\contratos\system\CodeIgniter.php(412): CodeIgniter\CodeIgniter->runController(Object(App\Controllers\ContratoController))
#7 C:\xampp2\htdocs\contratos\system\CodeIgniter.php(320): CodeIgniter\CodeIgniter->handleRequest(NULL, Object(Config\Cache), false)
#8 C:\xampp2\htdocs\contratos\public\index.php(37): CodeIgniter\CodeIgniter->run()
#9 {main}
CRITICAL - 2022-03-14 08:00:44 --> Array to string conversion
#0 C:\xampp2\htdocs\contratos\app\Controllers\ContratoController.php(200): CodeIgniter\Debug\Exceptions->errorHandler(2, 'Array to string...', 'C:\\xampp2\\htdoc...', 200)
#1 C:\xampp2\htdocs\contratos\system\CodeIgniter.php(825): App\Controllers\ContratoController->buscar_vence_contrato()
#2 C:\xampp2\htdocs\contratos\system\CodeIgniter.php(412): CodeIgniter\CodeIgniter->runController(Object(App\Controllers\ContratoController))
#3 C:\xampp2\htdocs\contratos\system\CodeIgniter.php(320): CodeIgniter\CodeIgniter->handleRequest(NULL, Object(Config\Cache), false)
#4 C:\xampp2\htdocs\contratos\public\index.php(37): CodeIgniter\CodeIgniter->run()
#5 {main}
CRITICAL - 2022-03-14 08:03:14 --> foreach() argument must be of type array|object, null given
#0 C:\xampp2\htdocs\contratos\app\Views\contrato_vence_view.php(88): CodeIgniter\Debug\Exceptions->errorHandler(2, 'foreach() argum...', 'C:\\xampp2\\htdoc...', 88)
#1 C:\xampp2\htdocs\contratos\system\View\View.php(210): include('C:\\xampp2\\htdoc...')
#2 C:\xampp2\htdocs\contratos\system\View\View.php(213): CodeIgniter\View\View->CodeIgniter\View\{closure}()
#3 C:\xampp2\htdocs\contratos\system\Common.php(1089): CodeIgniter\View\View->render('contrato_vence_...', Array, true)
#4 C:\xampp2\htdocs\contratos\app\Controllers\ContratoController.php(217): view('contrato_vence_...', Array)
#5 C:\xampp2\htdocs\contratos\system\CodeIgniter.php(825): App\Controllers\ContratoController->buscar_vence_contrato()
#6 C:\xampp2\htdocs\contratos\system\CodeIgniter.php(412): CodeIgniter\CodeIgniter->runController(Object(App\Controllers\ContratoController))
#7 C:\xampp2\htdocs\contratos\system\CodeIgniter.php(320): CodeIgniter\CodeIgniter->handleRequest(NULL, Object(Config\Cache), false)
#8 C:\xampp2\htdocs\contratos\public\index.php(37): CodeIgniter\CodeIgniter->run()
#9 {main}
CRITICAL - 2022-03-14 12:36:13 --> file_get_contents(http://localhost:8080/api/pagamento): Failed to open stream: Nenhuma conexão pôde ser feita porque a máquina de destino as recusou ativamente
#0 [internal function]: CodeIgniter\Debug\Exceptions->errorHandler(2, 'file_get_conten...', 'C:\\xampp2\\htdoc...', 13)
#1 C:\xampp2\htdocs\contratos\app\Controllers\Home.php(13): file_get_contents('http://localhos...')
#2 C:\xampp2\htdocs\contratos\system\CodeIgniter.php(825): App\Controllers\Home->index()
#3 C:\xampp2\htdocs\contratos\system\CodeIgniter.php(412): CodeIgniter\CodeIgniter->runController(Object(App\Controllers\Home))
#4 C:\xampp2\htdocs\contratos\system\CodeIgniter.php(320): CodeIgniter\CodeIgniter->handleRequest(NULL, Object(Config\Cache), false)
#5 C:\xampp2\htdocs\contratos\public\index.php(37): CodeIgniter\CodeIgniter->run()
#6 {main}
