CRITICAL - 2022-02-11 07:56:09 --> Undefined variable $dados
#0 C:\xampp2\htdocs\contratos\app\Views\editar_contrato_view.php(60): CodeIgniter\Debug\Exceptions->errorHandler(2, 'Undefined varia...', 'C:\\xampp2\\htdoc...', 60)
#1 C:\xampp2\htdocs\contratos\system\View\View.php(210): include('C:\\xampp2\\htdoc...')
#2 C:\xampp2\htdocs\contratos\system\View\View.php(213): CodeIgniter\View\View->CodeIgniter\View\{closure}()
#3 C:\xampp2\htdocs\contratos\system\Common.php(1089): CodeIgniter\View\View->render('editar_contrato...', Array, true)
#4 C:\xampp2\htdocs\contratos\app\Controllers\ContratoController.php(58): view('editar_contrato...', Array)
#5 C:\xampp2\htdocs\contratos\system\CodeIgniter.php(825): App\Controllers\ContratoController->editar_contrato()
#6 C:\xampp2\htdocs\contratos\system\CodeIgniter.php(412): CodeIgniter\CodeIgniter->runController(Object(App\Controllers\ContratoController))
#7 C:\xampp2\htdocs\contratos\system\CodeIgniter.php(320): CodeIgniter\CodeIgniter->handleRequest(NULL, Object(Config\Cache), false)
#8 C:\xampp2\htdocs\contratos\public\index.php(37): CodeIgniter\CodeIgniter->run()
#9 {main}
CRITICAL - 2022-02-11 12:55:15 --> Undefined variable $id
#0 C:\xampp2\htdocs\contratos\app\Controllers\ContratoController.php(89): CodeIgniter\Debug\Exceptions->errorHandler(2, 'Undefined varia...', 'C:\\xampp2\\htdoc...', 89)
#1 C:\xampp2\htdocs\contratos\system\CodeIgniter.php(825): App\Controllers\ContratoController->apagar_contrato('3')
#2 C:\xampp2\htdocs\contratos\system\CodeIgniter.php(412): CodeIgniter\CodeIgniter->runController(Object(App\Controllers\ContratoController))
#3 C:\xampp2\htdocs\contratos\system\CodeIgniter.php(320): CodeIgniter\CodeIgniter->handleRequest(NULL, Object(Config\Cache), false)
#4 C:\xampp2\htdocs\contratos\public\index.php(37): CodeIgniter\CodeIgniter->run()
#5 {main}
CRITICAL - 2022-02-11 12:56:18 --> Undefined variable $id
#0 C:\xampp2\htdocs\contratos\app\Controllers\ContratoController.php(89): CodeIgniter\Debug\Exceptions->errorHandler(2, 'Undefined varia...', 'C:\\xampp2\\htdoc...', 89)
#1 C:\xampp2\htdocs\contratos\system\CodeIgniter.php(825): App\Controllers\ContratoController->apagar_contrato('3')
#2 C:\xampp2\htdocs\contratos\system\CodeIgniter.php(412): CodeIgniter\CodeIgniter->runController(Object(App\Controllers\ContratoController))
#3 C:\xampp2\htdocs\contratos\system\CodeIgniter.php(320): CodeIgniter\CodeIgniter->handleRequest(NULL, Object(Config\Cache), false)
#4 C:\xampp2\htdocs\contratos\public\index.php(37): CodeIgniter\CodeIgniter->run()
#5 {main}
CRITICAL - 2022-02-11 14:02:48 --> Undefined array key "id"
#0 C:\xampp2\htdocs\contratos\app\Views\detalhe_contrato_view.php(58): CodeIgniter\Debug\Exceptions->errorHandler(2, 'Undefined array...', 'C:\\xampp2\\htdoc...', 58)
#1 C:\xampp2\htdocs\contratos\system\View\View.php(210): include('C:\\xampp2\\htdoc...')
#2 C:\xampp2\htdocs\contratos\system\View\View.php(213): CodeIgniter\View\View->CodeIgniter\View\{closure}()
#3 C:\xampp2\htdocs\contratos\system\Common.php(1089): CodeIgniter\View\View->render('detalhe_contrat...', Array, true)
#4 C:\xampp2\htdocs\contratos\app\Controllers\ContratoController.php(60): view('detalhe_contrat...', Array)
#5 C:\xampp2\htdocs\contratos\system\CodeIgniter.php(825): App\Controllers\ContratoController->detalhe_contrato()
#6 C:\xampp2\htdocs\contratos\system\CodeIgniter.php(412): CodeIgniter\CodeIgniter->runController(Object(App\Controllers\ContratoController))
#7 C:\xampp2\htdocs\contratos\system\CodeIgniter.php(320): CodeIgniter\CodeIgniter->handleRequest(NULL, Object(Config\Cache), false)
#8 C:\xampp2\htdocs\contratos\public\index.php(37): CodeIgniter\CodeIgniter->run()
#9 {main}
CRITICAL - 2022-02-11 14:05:06 --> Undefined array key "cod"
#0 C:\xampp2\htdocs\contratos\app\Views\detalhe_contrato_view.php(58): CodeIgniter\Debug\Exceptions->errorHandler(2, 'Undefined array...', 'C:\\xampp2\\htdoc...', 58)
#1 C:\xampp2\htdocs\contratos\system\View\View.php(210): include('C:\\xampp2\\htdoc...')
#2 C:\xampp2\htdocs\contratos\system\View\View.php(213): CodeIgniter\View\View->CodeIgniter\View\{closure}()
#3 C:\xampp2\htdocs\contratos\system\Common.php(1089): CodeIgniter\View\View->render('detalhe_contrat...', Array, true)
#4 C:\xampp2\htdocs\contratos\app\Controllers\ContratoController.php(60): view('detalhe_contrat...', Array)
#5 C:\xampp2\htdocs\contratos\system\CodeIgniter.php(825): App\Controllers\ContratoController->detalhe_contrato()
#6 C:\xampp2\htdocs\contratos\system\CodeIgniter.php(412): CodeIgniter\CodeIgniter->runController(Object(App\Controllers\ContratoController))
#7 C:\xampp2\htdocs\contratos\system\CodeIgniter.php(320): CodeIgniter\CodeIgniter->handleRequest(NULL, Object(Config\Cache), false)
#8 C:\xampp2\htdocs\contratos\public\index.php(37): CodeIgniter\CodeIgniter->run()
#9 {main}
