CRITICAL - 2022-02-05 16:12:52 --> Array to string conversion
#0 C:\xampp2\htdocs\contratos\app\Controllers\ContratoController.php(10): CodeIgniter\Debug\Exceptions->errorHandler(2, 'Array to string...', 'C:\\xampp2\\htdoc...', 10)
#1 C:\xampp2\htdocs\contratos\system\CodeIgniter.php(825): App\Controllers\ContratoController->salvar()
#2 C:\xampp2\htdocs\contratos\system\CodeIgniter.php(412): CodeIgniter\CodeIgniter->runController(Object(App\Controllers\ContratoController))
#3 C:\xampp2\htdocs\contratos\system\CodeIgniter.php(320): CodeIgniter\CodeIgniter->handleRequest(NULL, Object(Config\Cache), false)
#4 C:\xampp2\htdocs\contratos\public\index.php(37): CodeIgniter\CodeIgniter->run()
#5 {main}
CRITICAL - 2022-02-05 16:16:41 --> Array to string conversion
#0 C:\xampp2\htdocs\contratos\app\Controllers\ContratoController.php(10): CodeIgniter\Debug\Exceptions->errorHandler(2, 'Array to string...', 'C:\\xampp2\\htdoc...', 10)
#1 C:\xampp2\htdocs\contratos\system\CodeIgniter.php(825): App\Controllers\ContratoController->salvar()
#2 C:\xampp2\htdocs\contratos\system\CodeIgniter.php(412): CodeIgniter\CodeIgniter->runController(Object(App\Controllers\ContratoController))
#3 C:\xampp2\htdocs\contratos\system\CodeIgniter.php(320): CodeIgniter\CodeIgniter->handleRequest(NULL, Object(Config\Cache), false)
#4 C:\xampp2\htdocs\contratos\public\index.php(37): CodeIgniter\CodeIgniter->run()
#5 {main}
CRITICAL - 2022-02-05 16:18:49 --> Call to undefined function _v()
#0 C:\xampp2\htdocs\contratos\system\View\View.php(210): include()
#1 C:\xampp2\htdocs\contratos\system\View\View.php(213): CodeIgniter\View\View->CodeIgniter\View\{closure}()
#2 C:\xampp2\htdocs\contratos\system\Common.php(1089): CodeIgniter\View\View->render('cadastrar_contr...', Array, true)
#3 C:\xampp2\htdocs\contratos\app\Controllers\Home.php(14): view('cadastrar_contr...')
#4 C:\xampp2\htdocs\contratos\system\CodeIgniter.php(825): App\Controllers\Home->cadastrar_contrato()
#5 C:\xampp2\htdocs\contratos\system\CodeIgniter.php(412): CodeIgniter\CodeIgniter->runController(Object(App\Controllers\Home))
#6 C:\xampp2\htdocs\contratos\system\CodeIgniter.php(320): CodeIgniter\CodeIgniter->handleRequest(NULL, Object(Config\Cache), false)
#7 C:\xampp2\htdocs\contratos\public\index.php(37): CodeIgniter\CodeIgniter->run()
#8 {main}
CRITICAL - 2022-02-05 16:18:51 --> Call to undefined function _v()
#0 C:\xampp2\htdocs\contratos\system\View\View.php(210): include()
#1 C:\xampp2\htdocs\contratos\system\View\View.php(213): CodeIgniter\View\View->CodeIgniter\View\{closure}()
#2 C:\xampp2\htdocs\contratos\system\Common.php(1089): CodeIgniter\View\View->render('cadastrar_contr...', Array, true)
#3 C:\xampp2\htdocs\contratos\app\Controllers\Home.php(14): view('cadastrar_contr...')
#4 C:\xampp2\htdocs\contratos\system\CodeIgniter.php(825): App\Controllers\Home->cadastrar_contrato()
#5 C:\xampp2\htdocs\contratos\system\CodeIgniter.php(412): CodeIgniter\CodeIgniter->runController(Object(App\Controllers\Home))
#6 C:\xampp2\htdocs\contratos\system\CodeIgniter.php(320): CodeIgniter\CodeIgniter->handleRequest(NULL, Object(Config\Cache), false)
#7 C:\xampp2\htdocs\contratos\public\index.php(37): CodeIgniter\CodeIgniter->run()
#8 {main}
CRITICAL - 2022-02-05 16:18:55 --> Call to undefined function _v()
#0 C:\xampp2\htdocs\contratos\system\View\View.php(210): include()
#1 C:\xampp2\htdocs\contratos\system\View\View.php(213): CodeIgniter\View\View->CodeIgniter\View\{closure}()
#2 C:\xampp2\htdocs\contratos\system\Common.php(1089): CodeIgniter\View\View->render('cadastrar_contr...', Array, true)
#3 C:\xampp2\htdocs\contratos\app\Controllers\Home.php(14): view('cadastrar_contr...')
#4 C:\xampp2\htdocs\contratos\system\CodeIgniter.php(825): App\Controllers\Home->cadastrar_contrato()
#5 C:\xampp2\htdocs\contratos\system\CodeIgniter.php(412): CodeIgniter\CodeIgniter->runController(Object(App\Controllers\Home))
#6 C:\xampp2\htdocs\contratos\system\CodeIgniter.php(320): CodeIgniter\CodeIgniter->handleRequest(NULL, Object(Config\Cache), false)
#7 C:\xampp2\htdocs\contratos\public\index.php(37): CodeIgniter\CodeIgniter->run()
#8 {main}
CRITICAL - 2022-02-05 16:23:11 --> Call to undefined function _v()
#0 C:\xampp2\htdocs\contratos\system\View\View.php(210): include()
#1 C:\xampp2\htdocs\contratos\system\View\View.php(213): CodeIgniter\View\View->CodeIgniter\View\{closure}()
#2 C:\xampp2\htdocs\contratos\system\Common.php(1089): CodeIgniter\View\View->render('cadastrar_contr...', Array, true)
#3 C:\xampp2\htdocs\contratos\app\Controllers\Home.php(14): view('cadastrar_contr...')
#4 C:\xampp2\htdocs\contratos\system\CodeIgniter.php(825): App\Controllers\Home->cadastrar_contrato()
#5 C:\xampp2\htdocs\contratos\system\CodeIgniter.php(412): CodeIgniter\CodeIgniter->runController(Object(App\Controllers\Home))
#6 C:\xampp2\htdocs\contratos\system\CodeIgniter.php(320): CodeIgniter\CodeIgniter->handleRequest(NULL, Object(Config\Cache), false)
#7 C:\xampp2\htdocs\contratos\public\index.php(37): CodeIgniter\CodeIgniter->run()
#8 {main}
CRITICAL - 2022-02-05 16:23:12 --> Call to undefined function _v()
#0 C:\xampp2\htdocs\contratos\system\View\View.php(210): include()
#1 C:\xampp2\htdocs\contratos\system\View\View.php(213): CodeIgniter\View\View->CodeIgniter\View\{closure}()
#2 C:\xampp2\htdocs\contratos\system\Common.php(1089): CodeIgniter\View\View->render('cadastrar_contr...', Array, true)
#3 C:\xampp2\htdocs\contratos\app\Controllers\Home.php(14): view('cadastrar_contr...')
#4 C:\xampp2\htdocs\contratos\system\CodeIgniter.php(825): App\Controllers\Home->cadastrar_contrato()
#5 C:\xampp2\htdocs\contratos\system\CodeIgniter.php(412): CodeIgniter\CodeIgniter->runController(Object(App\Controllers\Home))
#6 C:\xampp2\htdocs\contratos\system\CodeIgniter.php(320): CodeIgniter\CodeIgniter->handleRequest(NULL, Object(Config\Cache), false)
#7 C:\xampp2\htdocs\contratos\public\index.php(37): CodeIgniter\CodeIgniter->run()
#8 {main}
CRITICAL - 2022-02-05 16:23:14 --> Call to undefined function _v()
#0 C:\xampp2\htdocs\contratos\system\View\View.php(210): include()
#1 C:\xampp2\htdocs\contratos\system\View\View.php(213): CodeIgniter\View\View->CodeIgniter\View\{closure}()
#2 C:\xampp2\htdocs\contratos\system\Common.php(1089): CodeIgniter\View\View->render('cadastrar_contr...', Array, true)
#3 C:\xampp2\htdocs\contratos\app\Controllers\Home.php(14): view('cadastrar_contr...')
#4 C:\xampp2\htdocs\contratos\system\CodeIgniter.php(825): App\Controllers\Home->cadastrar_contrato()
#5 C:\xampp2\htdocs\contratos\system\CodeIgniter.php(412): CodeIgniter\CodeIgniter->runController(Object(App\Controllers\Home))
#6 C:\xampp2\htdocs\contratos\system\CodeIgniter.php(320): CodeIgniter\CodeIgniter->handleRequest(NULL, Object(Config\Cache), false)
#7 C:\xampp2\htdocs\contratos\public\index.php(37): CodeIgniter\CodeIgniter->run()
#8 {main}
CRITICAL - 2022-02-05 16:24:28 --> Call to undefined function _v()
#0 C:\xampp2\htdocs\contratos\system\View\View.php(210): include()
#1 C:\xampp2\htdocs\contratos\system\View\View.php(213): CodeIgniter\View\View->CodeIgniter\View\{closure}()
#2 C:\xampp2\htdocs\contratos\system\Common.php(1089): CodeIgniter\View\View->render('cadastrar_contr...', Array, true)
#3 C:\xampp2\htdocs\contratos\app\Controllers\Home.php(14): view('cadastrar_contr...')
#4 C:\xampp2\htdocs\contratos\system\CodeIgniter.php(825): App\Controllers\Home->cadastrar_contrato()
#5 C:\xampp2\htdocs\contratos\system\CodeIgniter.php(412): CodeIgniter\CodeIgniter->runController(Object(App\Controllers\Home))
#6 C:\xampp2\htdocs\contratos\system\CodeIgniter.php(320): CodeIgniter\CodeIgniter->handleRequest(NULL, Object(Config\Cache), false)
#7 C:\xampp2\htdocs\contratos\public\index.php(37): CodeIgniter\CodeIgniter->run()
#8 {main}
CRITICAL - 2022-02-05 16:24:43 --> Call to undefined function _v()
#0 C:\xampp2\htdocs\contratos\system\View\View.php(210): include()
#1 C:\xampp2\htdocs\contratos\system\View\View.php(213): CodeIgniter\View\View->CodeIgniter\View\{closure}()
#2 C:\xampp2\htdocs\contratos\system\Common.php(1089): CodeIgniter\View\View->render('cadastrar_contr...', Array, true)
#3 C:\xampp2\htdocs\contratos\app\Controllers\Home.php(14): view('cadastrar_contr...')
#4 C:\xampp2\htdocs\contratos\system\CodeIgniter.php(825): App\Controllers\Home->cadastrar_contrato()
#5 C:\xampp2\htdocs\contratos\system\CodeIgniter.php(412): CodeIgniter\CodeIgniter->runController(Object(App\Controllers\Home))
#6 C:\xampp2\htdocs\contratos\system\CodeIgniter.php(320): CodeIgniter\CodeIgniter->handleRequest(NULL, Object(Config\Cache), false)
#7 C:\xampp2\htdocs\contratos\public\index.php(37): CodeIgniter\CodeIgniter->run()
#8 {main}
CRITICAL - 2022-02-05 16:24:45 --> Call to undefined function _v()
#0 C:\xampp2\htdocs\contratos\system\View\View.php(210): include()
#1 C:\xampp2\htdocs\contratos\system\View\View.php(213): CodeIgniter\View\View->CodeIgniter\View\{closure}()
#2 C:\xampp2\htdocs\contratos\system\Common.php(1089): CodeIgniter\View\View->render('cadastrar_contr...', Array, true)
#3 C:\xampp2\htdocs\contratos\app\Controllers\Home.php(14): view('cadastrar_contr...')
#4 C:\xampp2\htdocs\contratos\system\CodeIgniter.php(825): App\Controllers\Home->cadastrar_contrato()
#5 C:\xampp2\htdocs\contratos\system\CodeIgniter.php(412): CodeIgniter\CodeIgniter->runController(Object(App\Controllers\Home))
#6 C:\xampp2\htdocs\contratos\system\CodeIgniter.php(320): CodeIgniter\CodeIgniter->handleRequest(NULL, Object(Config\Cache), false)
#7 C:\xampp2\htdocs\contratos\public\index.php(37): CodeIgniter\CodeIgniter->run()
#8 {main}
CRITICAL - 2022-02-05 16:25:40 --> Call to undefined function _v()
#0 C:\xampp2\htdocs\contratos\system\View\View.php(210): include()
#1 C:\xampp2\htdocs\contratos\system\View\View.php(213): CodeIgniter\View\View->CodeIgniter\View\{closure}()
#2 C:\xampp2\htdocs\contratos\system\Common.php(1089): CodeIgniter\View\View->render('cadastrar_contr...', Array, true)
#3 C:\xampp2\htdocs\contratos\app\Controllers\Home.php(14): view('cadastrar_contr...')
#4 C:\xampp2\htdocs\contratos\system\CodeIgniter.php(825): App\Controllers\Home->cadastrar_contrato()
#5 C:\xampp2\htdocs\contratos\system\CodeIgniter.php(412): CodeIgniter\CodeIgniter->runController(Object(App\Controllers\Home))
#6 C:\xampp2\htdocs\contratos\system\CodeIgniter.php(320): CodeIgniter\CodeIgniter->handleRequest(NULL, Object(Config\Cache), false)
#7 C:\xampp2\htdocs\contratos\public\index.php(37): CodeIgniter\CodeIgniter->run()
#8 {main}
CRITICAL - 2022-02-05 16:29:14 --> Call to undefined function _v()
#0 C:\xampp2\htdocs\contratos\system\View\View.php(210): include()
#1 C:\xampp2\htdocs\contratos\system\View\View.php(213): CodeIgniter\View\View->CodeIgniter\View\{closure}()
#2 C:\xampp2\htdocs\contratos\system\Common.php(1089): CodeIgniter\View\View->render('cadastrar_contr...', Array, true)
#3 C:\xampp2\htdocs\contratos\app\Controllers\Home.php(14): view('cadastrar_contr...')
#4 C:\xampp2\htdocs\contratos\system\CodeIgniter.php(825): App\Controllers\Home->cadastrar_contrato()
#5 C:\xampp2\htdocs\contratos\system\CodeIgniter.php(412): CodeIgniter\CodeIgniter->runController(Object(App\Controllers\Home))
#6 C:\xampp2\htdocs\contratos\system\CodeIgniter.php(320): CodeIgniter\CodeIgniter->handleRequest(NULL, Object(Config\Cache), false)
#7 C:\xampp2\htdocs\contratos\public\index.php(37): CodeIgniter\CodeIgniter->run()
#8 {main}
CRITICAL - 2022-02-05 16:33:26 --> Call to undefined function _v()
#0 C:\xampp2\htdocs\contratos\system\View\View.php(210): include()
#1 C:\xampp2\htdocs\contratos\system\View\View.php(213): CodeIgniter\View\View->CodeIgniter\View\{closure}()
#2 C:\xampp2\htdocs\contratos\system\Common.php(1089): CodeIgniter\View\View->render('cadastrar_contr...', Array, true)
#3 C:\xampp2\htdocs\contratos\app\Controllers\Home.php(14): view('cadastrar_contr...')
#4 C:\xampp2\htdocs\contratos\system\CodeIgniter.php(825): App\Controllers\Home->cadastrar_contrato()
#5 C:\xampp2\htdocs\contratos\system\CodeIgniter.php(412): CodeIgniter\CodeIgniter->runController(Object(App\Controllers\Home))
#6 C:\xampp2\htdocs\contratos\system\CodeIgniter.php(320): CodeIgniter\CodeIgniter->handleRequest(NULL, Object(Config\Cache), false)
#7 C:\xampp2\htdocs\contratos\public\index.php(37): CodeIgniter\CodeIgniter->run()
#8 {main}
CRITICAL - 2022-02-05 16:33:30 --> Call to undefined function _v()
#0 C:\xampp2\htdocs\contratos\system\View\View.php(210): include()
#1 C:\xampp2\htdocs\contratos\system\View\View.php(213): CodeIgniter\View\View->CodeIgniter\View\{closure}()
#2 C:\xampp2\htdocs\contratos\system\Common.php(1089): CodeIgniter\View\View->render('cadastrar_contr...', Array, true)
#3 C:\xampp2\htdocs\contratos\app\Controllers\Home.php(14): view('cadastrar_contr...')
#4 C:\xampp2\htdocs\contratos\system\CodeIgniter.php(825): App\Controllers\Home->cadastrar_contrato()
#5 C:\xampp2\htdocs\contratos\system\CodeIgniter.php(412): CodeIgniter\CodeIgniter->runController(Object(App\Controllers\Home))
#6 C:\xampp2\htdocs\contratos\system\CodeIgniter.php(320): CodeIgniter\CodeIgniter->handleRequest(NULL, Object(Config\Cache), false)
#7 C:\xampp2\htdocs\contratos\public\index.php(37): CodeIgniter\CodeIgniter->run()
#8 {main}
CRITICAL - 2022-02-05 16:33:57 --> Call to undefined function _v()
#0 C:\xampp2\htdocs\contratos\system\View\View.php(210): include()
#1 C:\xampp2\htdocs\contratos\system\View\View.php(213): CodeIgniter\View\View->CodeIgniter\View\{closure}()
#2 C:\xampp2\htdocs\contratos\system\Common.php(1089): CodeIgniter\View\View->render('cadastrar_contr...', Array, true)
#3 C:\xampp2\htdocs\contratos\app\Controllers\Home.php(14): view('cadastrar_contr...')
#4 C:\xampp2\htdocs\contratos\system\CodeIgniter.php(825): App\Controllers\Home->cadastrar_contrato()
#5 C:\xampp2\htdocs\contratos\system\CodeIgniter.php(412): CodeIgniter\CodeIgniter->runController(Object(App\Controllers\Home))
#6 C:\xampp2\htdocs\contratos\system\CodeIgniter.php(320): CodeIgniter\CodeIgniter->handleRequest(NULL, Object(Config\Cache), false)
#7 C:\xampp2\htdocs\contratos\public\index.php(37): CodeIgniter\CodeIgniter->run()
#8 {main}
CRITICAL - 2022-02-05 16:38:19 --> Undefined variable $dados
#0 C:\xampp2\htdocs\contratos\app\Views\cadastrar_contrato_view.php(58): CodeIgniter\Debug\Exceptions->errorHandler(2, 'Undefined varia...', 'C:\\xampp2\\htdoc...', 58)
#1 C:\xampp2\htdocs\contratos\system\View\View.php(210): include('C:\\xampp2\\htdoc...')
#2 C:\xampp2\htdocs\contratos\system\View\View.php(213): CodeIgniter\View\View->CodeIgniter\View\{closure}()
#3 C:\xampp2\htdocs\contratos\system\Common.php(1089): CodeIgniter\View\View->render('cadastrar_contr...', Array, true)
#4 C:\xampp2\htdocs\contratos\app\Controllers\Home.php(14): view('cadastrar_contr...')
#5 C:\xampp2\htdocs\contratos\system\CodeIgniter.php(825): App\Controllers\Home->cadastrar_contrato()
#6 C:\xampp2\htdocs\contratos\system\CodeIgniter.php(412): CodeIgniter\CodeIgniter->runController(Object(App\Controllers\Home))
#7 C:\xampp2\htdocs\contratos\system\CodeIgniter.php(320): CodeIgniter\CodeIgniter->handleRequest(NULL, Object(Config\Cache), false)
#8 C:\xampp2\htdocs\contratos\public\index.php(37): CodeIgniter\CodeIgniter->run()
#9 {main}
CRITICAL - 2022-02-05 16:38:54 --> Undefined variable $dados
#0 C:\xampp2\htdocs\contratos\app\Views\cadastrar_contrato_view.php(58): CodeIgniter\Debug\Exceptions->errorHandler(2, 'Undefined varia...', 'C:\\xampp2\\htdoc...', 58)
#1 C:\xampp2\htdocs\contratos\system\View\View.php(210): include('C:\\xampp2\\htdoc...')
#2 C:\xampp2\htdocs\contratos\system\View\View.php(213): CodeIgniter\View\View->CodeIgniter\View\{closure}()
#3 C:\xampp2\htdocs\contratos\system\Common.php(1089): CodeIgniter\View\View->render('cadastrar_contr...', Array, true)
#4 C:\xampp2\htdocs\contratos\app\Controllers\Home.php(14): view('cadastrar_contr...')
#5 C:\xampp2\htdocs\contratos\system\CodeIgniter.php(825): App\Controllers\Home->cadastrar_contrato()
#6 C:\xampp2\htdocs\contratos\system\CodeIgniter.php(412): CodeIgniter\CodeIgniter->runController(Object(App\Controllers\Home))
#7 C:\xampp2\htdocs\contratos\system\CodeIgniter.php(320): CodeIgniter\CodeIgniter->handleRequest(NULL, Object(Config\Cache), false)
#8 C:\xampp2\htdocs\contratos\public\index.php(37): CodeIgniter\CodeIgniter->run()
#9 {main}
CRITICAL - 2022-02-05 16:38:58 --> Undefined variable $dados
#0 C:\xampp2\htdocs\contratos\app\Views\cadastrar_contrato_view.php(58): CodeIgniter\Debug\Exceptions->errorHandler(2, 'Undefined varia...', 'C:\\xampp2\\htdoc...', 58)
#1 C:\xampp2\htdocs\contratos\system\View\View.php(210): include('C:\\xampp2\\htdoc...')
#2 C:\xampp2\htdocs\contratos\system\View\View.php(213): CodeIgniter\View\View->CodeIgniter\View\{closure}()
#3 C:\xampp2\htdocs\contratos\system\Common.php(1089): CodeIgniter\View\View->render('cadastrar_contr...', Array, true)
#4 C:\xampp2\htdocs\contratos\app\Controllers\Home.php(14): view('cadastrar_contr...')
#5 C:\xampp2\htdocs\contratos\system\CodeIgniter.php(825): App\Controllers\Home->cadastrar_contrato()
#6 C:\xampp2\htdocs\contratos\system\CodeIgniter.php(412): CodeIgniter\CodeIgniter->runController(Object(App\Controllers\Home))
#7 C:\xampp2\htdocs\contratos\system\CodeIgniter.php(320): CodeIgniter\CodeIgniter->handleRequest(NULL, Object(Config\Cache), false)
#8 C:\xampp2\htdocs\contratos\public\index.php(37): CodeIgniter\CodeIgniter->run()
#9 {main}
CRITICAL - 2022-02-05 16:40:49 --> Undefined variable $dados
#0 C:\xampp2\htdocs\contratos\app\Views\cadastrar_contrato_view.php(58): CodeIgniter\Debug\Exceptions->errorHandler(2, 'Undefined varia...', 'C:\\xampp2\\htdoc...', 58)
#1 C:\xampp2\htdocs\contratos\system\View\View.php(210): include('C:\\xampp2\\htdoc...')
#2 C:\xampp2\htdocs\contratos\system\View\View.php(213): CodeIgniter\View\View->CodeIgniter\View\{closure}()
#3 C:\xampp2\htdocs\contratos\system\Common.php(1089): CodeIgniter\View\View->render('cadastrar_contr...', Array, true)
#4 C:\xampp2\htdocs\contratos\app\Controllers\Home.php(14): view('cadastrar_contr...')
#5 C:\xampp2\htdocs\contratos\system\CodeIgniter.php(825): App\Controllers\Home->cadastrar_contrato()
#6 C:\xampp2\htdocs\contratos\system\CodeIgniter.php(412): CodeIgniter\CodeIgniter->runController(Object(App\Controllers\Home))
#7 C:\xampp2\htdocs\contratos\system\CodeIgniter.php(320): CodeIgniter\CodeIgniter->handleRequest(NULL, Object(Config\Cache), false)
#8 C:\xampp2\htdocs\contratos\public\index.php(37): CodeIgniter\CodeIgniter->run()
#9 {main}
CRITICAL - 2022-02-05 16:40:51 --> Undefined variable $dados
#0 C:\xampp2\htdocs\contratos\app\Views\cadastrar_contrato_view.php(58): CodeIgniter\Debug\Exceptions->errorHandler(2, 'Undefined varia...', 'C:\\xampp2\\htdoc...', 58)
#1 C:\xampp2\htdocs\contratos\system\View\View.php(210): include('C:\\xampp2\\htdoc...')
#2 C:\xampp2\htdocs\contratos\system\View\View.php(213): CodeIgniter\View\View->CodeIgniter\View\{closure}()
#3 C:\xampp2\htdocs\contratos\system\Common.php(1089): CodeIgniter\View\View->render('cadastrar_contr...', Array, true)
#4 C:\xampp2\htdocs\contratos\app\Controllers\Home.php(14): view('cadastrar_contr...')
#5 C:\xampp2\htdocs\contratos\system\CodeIgniter.php(825): App\Controllers\Home->cadastrar_contrato()
#6 C:\xampp2\htdocs\contratos\system\CodeIgniter.php(412): CodeIgniter\CodeIgniter->runController(Object(App\Controllers\Home))
#7 C:\xampp2\htdocs\contratos\system\CodeIgniter.php(320): CodeIgniter\CodeIgniter->handleRequest(NULL, Object(Config\Cache), false)
#8 C:\xampp2\htdocs\contratos\public\index.php(37): CodeIgniter\CodeIgniter->run()
#9 {main}
CRITICAL - 2022-02-05 16:42:24 --> Undefined variable $dados
#0 C:\xampp2\htdocs\contratos\app\Views\cadastrar_contrato_view.php(58): CodeIgniter\Debug\Exceptions->errorHandler(2, 'Undefined varia...', 'C:\\xampp2\\htdoc...', 58)
#1 C:\xampp2\htdocs\contratos\system\View\View.php(210): include('C:\\xampp2\\htdoc...')
#2 C:\xampp2\htdocs\contratos\system\View\View.php(213): CodeIgniter\View\View->CodeIgniter\View\{closure}()
#3 C:\xampp2\htdocs\contratos\system\Common.php(1089): CodeIgniter\View\View->render('cadastrar_contr...', Array, true)
#4 C:\xampp2\htdocs\contratos\app\Controllers\Home.php(14): view('cadastrar_contr...')
#5 C:\xampp2\htdocs\contratos\system\CodeIgniter.php(825): App\Controllers\Home->cadastrar_contrato()
#6 C:\xampp2\htdocs\contratos\system\CodeIgniter.php(412): CodeIgniter\CodeIgniter->runController(Object(App\Controllers\Home))
#7 C:\xampp2\htdocs\contratos\system\CodeIgniter.php(320): CodeIgniter\CodeIgniter->handleRequest(NULL, Object(Config\Cache), false)
#8 C:\xampp2\htdocs\contratos\public\index.php(37): CodeIgniter\CodeIgniter->run()
#9 {main}
CRITICAL - 2022-02-05 16:42:26 --> Undefined variable $dados
#0 C:\xampp2\htdocs\contratos\app\Views\cadastrar_contrato_view.php(58): CodeIgniter\Debug\Exceptions->errorHandler(2, 'Undefined varia...', 'C:\\xampp2\\htdoc...', 58)
#1 C:\xampp2\htdocs\contratos\system\View\View.php(210): include('C:\\xampp2\\htdoc...')
#2 C:\xampp2\htdocs\contratos\system\View\View.php(213): CodeIgniter\View\View->CodeIgniter\View\{closure}()
#3 C:\xampp2\htdocs\contratos\system\Common.php(1089): CodeIgniter\View\View->render('cadastrar_contr...', Array, true)
#4 C:\xampp2\htdocs\contratos\app\Controllers\Home.php(14): view('cadastrar_contr...')
#5 C:\xampp2\htdocs\contratos\system\CodeIgniter.php(825): App\Controllers\Home->cadastrar_contrato()
#6 C:\xampp2\htdocs\contratos\system\CodeIgniter.php(412): CodeIgniter\CodeIgniter->runController(Object(App\Controllers\Home))
#7 C:\xampp2\htdocs\contratos\system\CodeIgniter.php(320): CodeIgniter\CodeIgniter->handleRequest(NULL, Object(Config\Cache), false)
#8 C:\xampp2\htdocs\contratos\public\index.php(37): CodeIgniter\CodeIgniter->run()
#9 {main}
CRITICAL - 2022-02-05 16:42:43 --> Undefined variable $dados
#0 C:\xampp2\htdocs\contratos\app\Views\cadastrar_contrato_view.php(58): CodeIgniter\Debug\Exceptions->errorHandler(2, 'Undefined varia...', 'C:\\xampp2\\htdoc...', 58)
#1 C:\xampp2\htdocs\contratos\system\View\View.php(210): include('C:\\xampp2\\htdoc...')
#2 C:\xampp2\htdocs\contratos\system\View\View.php(213): CodeIgniter\View\View->CodeIgniter\View\{closure}()
#3 C:\xampp2\htdocs\contratos\system\Common.php(1089): CodeIgniter\View\View->render('cadastrar_contr...', Array, true)
#4 C:\xampp2\htdocs\contratos\app\Controllers\Home.php(14): view('cadastrar_contr...')
#5 C:\xampp2\htdocs\contratos\system\CodeIgniter.php(825): App\Controllers\Home->cadastrar_contrato()
#6 C:\xampp2\htdocs\contratos\system\CodeIgniter.php(412): CodeIgniter\CodeIgniter->runController(Object(App\Controllers\Home))
#7 C:\xampp2\htdocs\contratos\system\CodeIgniter.php(320): CodeIgniter\CodeIgniter->handleRequest(NULL, Object(Config\Cache), false)
#8 C:\xampp2\htdocs\contratos\public\index.php(37): CodeIgniter\CodeIgniter->run()
#9 {main}
CRITICAL - 2022-02-05 16:42:45 --> Undefined variable $dados
#0 C:\xampp2\htdocs\contratos\app\Views\cadastrar_contrato_view.php(58): CodeIgniter\Debug\Exceptions->errorHandler(2, 'Undefined varia...', 'C:\\xampp2\\htdoc...', 58)
#1 C:\xampp2\htdocs\contratos\system\View\View.php(210): include('C:\\xampp2\\htdoc...')
#2 C:\xampp2\htdocs\contratos\system\View\View.php(213): CodeIgniter\View\View->CodeIgniter\View\{closure}()
#3 C:\xampp2\htdocs\contratos\system\Common.php(1089): CodeIgniter\View\View->render('cadastrar_contr...', Array, true)
#4 C:\xampp2\htdocs\contratos\app\Controllers\Home.php(14): view('cadastrar_contr...')
#5 C:\xampp2\htdocs\contratos\system\CodeIgniter.php(825): App\Controllers\Home->cadastrar_contrato()
#6 C:\xampp2\htdocs\contratos\system\CodeIgniter.php(412): CodeIgniter\CodeIgniter->runController(Object(App\Controllers\Home))
#7 C:\xampp2\htdocs\contratos\system\CodeIgniter.php(320): CodeIgniter\CodeIgniter->handleRequest(NULL, Object(Config\Cache), false)
#8 C:\xampp2\htdocs\contratos\public\index.php(37): CodeIgniter\CodeIgniter->run()
#9 {main}
CRITICAL - 2022-02-05 16:43:34 --> Undefined variable $dados
#0 C:\xampp2\htdocs\contratos\app\Views\cadastrar_contrato_view.php(58): CodeIgniter\Debug\Exceptions->errorHandler(2, 'Undefined varia...', 'C:\\xampp2\\htdoc...', 58)
#1 C:\xampp2\htdocs\contratos\system\View\View.php(210): include('C:\\xampp2\\htdoc...')
#2 C:\xampp2\htdocs\contratos\system\View\View.php(213): CodeIgniter\View\View->CodeIgniter\View\{closure}()
#3 C:\xampp2\htdocs\contratos\system\Common.php(1089): CodeIgniter\View\View->render('cadastrar_contr...', Array, true)
#4 C:\xampp2\htdocs\contratos\app\Controllers\Home.php(14): view('cadastrar_contr...')
#5 C:\xampp2\htdocs\contratos\system\CodeIgniter.php(825): App\Controllers\Home->cadastrar_contrato()
#6 C:\xampp2\htdocs\contratos\system\CodeIgniter.php(412): CodeIgniter\CodeIgniter->runController(Object(App\Controllers\Home))
#7 C:\xampp2\htdocs\contratos\system\CodeIgniter.php(320): CodeIgniter\CodeIgniter->handleRequest(NULL, Object(Config\Cache), false)
#8 C:\xampp2\htdocs\contratos\public\index.php(37): CodeIgniter\CodeIgniter->run()
#9 {main}
CRITICAL - 2022-02-05 16:43:39 --> Undefined variable $dados
#0 C:\xampp2\htdocs\contratos\app\Views\cadastrar_contrato_view.php(58): CodeIgniter\Debug\Exceptions->errorHandler(2, 'Undefined varia...', 'C:\\xampp2\\htdoc...', 58)
#1 C:\xampp2\htdocs\contratos\system\View\View.php(210): include('C:\\xampp2\\htdoc...')
#2 C:\xampp2\htdocs\contratos\system\View\View.php(213): CodeIgniter\View\View->CodeIgniter\View\{closure}()
#3 C:\xampp2\htdocs\contratos\system\Common.php(1089): CodeIgniter\View\View->render('cadastrar_contr...', Array, true)
#4 C:\xampp2\htdocs\contratos\app\Controllers\Home.php(14): view('cadastrar_contr...')
#5 C:\xampp2\htdocs\contratos\system\CodeIgniter.php(825): App\Controllers\Home->cadastrar_contrato()
#6 C:\xampp2\htdocs\contratos\system\CodeIgniter.php(412): CodeIgniter\CodeIgniter->runController(Object(App\Controllers\Home))
#7 C:\xampp2\htdocs\contratos\system\CodeIgniter.php(320): CodeIgniter\CodeIgniter->handleRequest(NULL, Object(Config\Cache), false)
#8 C:\xampp2\htdocs\contratos\public\index.php(37): CodeIgniter\CodeIgniter->run()
#9 {main}
CRITICAL - 2022-02-05 16:45:03 --> Undefined variable $dados
#0 C:\xampp2\htdocs\contratos\app\Views\cadastrar_contrato_view.php(58): CodeIgniter\Debug\Exceptions->errorHandler(2, 'Undefined varia...', 'C:\\xampp2\\htdoc...', 58)
#1 C:\xampp2\htdocs\contratos\system\View\View.php(210): include('C:\\xampp2\\htdoc...')
#2 C:\xampp2\htdocs\contratos\system\View\View.php(213): CodeIgniter\View\View->CodeIgniter\View\{closure}()
#3 C:\xampp2\htdocs\contratos\system\Common.php(1089): CodeIgniter\View\View->render('cadastrar_contr...', Array, true)
#4 C:\xampp2\htdocs\contratos\app\Controllers\Home.php(14): view('cadastrar_contr...')
#5 C:\xampp2\htdocs\contratos\system\CodeIgniter.php(825): App\Controllers\Home->cadastrar_contrato()
#6 C:\xampp2\htdocs\contratos\system\CodeIgniter.php(412): CodeIgniter\CodeIgniter->runController(Object(App\Controllers\Home))
#7 C:\xampp2\htdocs\contratos\system\CodeIgniter.php(320): CodeIgniter\CodeIgniter->handleRequest(NULL, Object(Config\Cache), false)
#8 C:\xampp2\htdocs\contratos\public\index.php(37): CodeIgniter\CodeIgniter->run()
#9 {main}
CRITICAL - 2022-02-05 16:45:06 --> Undefined variable $dados
#0 C:\xampp2\htdocs\contratos\app\Views\cadastrar_contrato_view.php(58): CodeIgniter\Debug\Exceptions->errorHandler(2, 'Undefined varia...', 'C:\\xampp2\\htdoc...', 58)
#1 C:\xampp2\htdocs\contratos\system\View\View.php(210): include('C:\\xampp2\\htdoc...')
#2 C:\xampp2\htdocs\contratos\system\View\View.php(213): CodeIgniter\View\View->CodeIgniter\View\{closure}()
#3 C:\xampp2\htdocs\contratos\system\Common.php(1089): CodeIgniter\View\View->render('cadastrar_contr...', Array, true)
#4 C:\xampp2\htdocs\contratos\app\Controllers\Home.php(14): view('cadastrar_contr...')
#5 C:\xampp2\htdocs\contratos\system\CodeIgniter.php(825): App\Controllers\Home->cadastrar_contrato()
#6 C:\xampp2\htdocs\contratos\system\CodeIgniter.php(412): CodeIgniter\CodeIgniter->runController(Object(App\Controllers\Home))
#7 C:\xampp2\htdocs\contratos\system\CodeIgniter.php(320): CodeIgniter\CodeIgniter->handleRequest(NULL, Object(Config\Cache), false)
#8 C:\xampp2\htdocs\contratos\public\index.php(37): CodeIgniter\CodeIgniter->run()
#9 {main}
CRITICAL - 2022-02-05 16:47:08 --> Undefined variable $dados
#0 C:\xampp2\htdocs\contratos\app\Views\cadastrar_contrato_view.php(58): CodeIgniter\Debug\Exceptions->errorHandler(2, 'Undefined varia...', 'C:\\xampp2\\htdoc...', 58)
#1 C:\xampp2\htdocs\contratos\system\View\View.php(210): include('C:\\xampp2\\htdoc...')
#2 C:\xampp2\htdocs\contratos\system\View\View.php(213): CodeIgniter\View\View->CodeIgniter\View\{closure}()
#3 C:\xampp2\htdocs\contratos\system\Common.php(1089): CodeIgniter\View\View->render('cadastrar_contr...', Array, true)
#4 C:\xampp2\htdocs\contratos\app\Controllers\Home.php(14): view('cadastrar_contr...')
#5 C:\xampp2\htdocs\contratos\system\CodeIgniter.php(825): App\Controllers\Home->cadastrar_contrato()
#6 C:\xampp2\htdocs\contratos\system\CodeIgniter.php(412): CodeIgniter\CodeIgniter->runController(Object(App\Controllers\Home))
#7 C:\xampp2\htdocs\contratos\system\CodeIgniter.php(320): CodeIgniter\CodeIgniter->handleRequest(NULL, Object(Config\Cache), false)
#8 C:\xampp2\htdocs\contratos\public\index.php(37): CodeIgniter\CodeIgniter->run()
#9 {main}
CRITICAL - 2022-02-05 16:47:12 --> Undefined variable $dados
#0 C:\xampp2\htdocs\contratos\app\Views\cadastrar_contrato_view.php(58): CodeIgniter\Debug\Exceptions->errorHandler(2, 'Undefined varia...', 'C:\\xampp2\\htdoc...', 58)
#1 C:\xampp2\htdocs\contratos\system\View\View.php(210): include('C:\\xampp2\\htdoc...')
#2 C:\xampp2\htdocs\contratos\system\View\View.php(213): CodeIgniter\View\View->CodeIgniter\View\{closure}()
#3 C:\xampp2\htdocs\contratos\system\Common.php(1089): CodeIgniter\View\View->render('cadastrar_contr...', Array, true)
#4 C:\xampp2\htdocs\contratos\app\Controllers\Home.php(14): view('cadastrar_contr...')
#5 C:\xampp2\htdocs\contratos\system\CodeIgniter.php(825): App\Controllers\Home->cadastrar_contrato()
#6 C:\xampp2\htdocs\contratos\system\CodeIgniter.php(412): CodeIgniter\CodeIgniter->runController(Object(App\Controllers\Home))
#7 C:\xampp2\htdocs\contratos\system\CodeIgniter.php(320): CodeIgniter\CodeIgniter->handleRequest(NULL, Object(Config\Cache), false)
#8 C:\xampp2\htdocs\contratos\public\index.php(37): CodeIgniter\CodeIgniter->run()
#9 {main}
CRITICAL - 2022-02-05 16:54:07 --> Undefined variable $dados
#0 C:\xampp2\htdocs\contratos\app\Views\cadastrar_contrato_view.php(58): CodeIgniter\Debug\Exceptions->errorHandler(2, 'Undefined varia...', 'C:\\xampp2\\htdoc...', 58)
#1 C:\xampp2\htdocs\contratos\system\View\View.php(210): include('C:\\xampp2\\htdoc...')
#2 C:\xampp2\htdocs\contratos\system\View\View.php(213): CodeIgniter\View\View->CodeIgniter\View\{closure}()
#3 C:\xampp2\htdocs\contratos\system\Common.php(1089): CodeIgniter\View\View->render('cadastrar_contr...', Array, true)
#4 C:\xampp2\htdocs\contratos\app\Controllers\Home.php(14): view('cadastrar_contr...')
#5 C:\xampp2\htdocs\contratos\system\CodeIgniter.php(825): App\Controllers\Home->cadastrar_contrato()
#6 C:\xampp2\htdocs\contratos\system\CodeIgniter.php(412): CodeIgniter\CodeIgniter->runController(Object(App\Controllers\Home))
#7 C:\xampp2\htdocs\contratos\system\CodeIgniter.php(320): CodeIgniter\CodeIgniter->handleRequest(NULL, Object(Config\Cache), false)
#8 C:\xampp2\htdocs\contratos\public\index.php(37): CodeIgniter\CodeIgniter->run()
#9 {main}
CRITICAL - 2022-02-05 16:54:10 --> Undefined variable $dados
#0 C:\xampp2\htdocs\contratos\app\Views\cadastrar_contrato_view.php(58): CodeIgniter\Debug\Exceptions->errorHandler(2, 'Undefined varia...', 'C:\\xampp2\\htdoc...', 58)
#1 C:\xampp2\htdocs\contratos\system\View\View.php(210): include('C:\\xampp2\\htdoc...')
#2 C:\xampp2\htdocs\contratos\system\View\View.php(213): CodeIgniter\View\View->CodeIgniter\View\{closure}()
#3 C:\xampp2\htdocs\contratos\system\Common.php(1089): CodeIgniter\View\View->render('cadastrar_contr...', Array, true)
#4 C:\xampp2\htdocs\contratos\app\Controllers\Home.php(14): view('cadastrar_contr...')
#5 C:\xampp2\htdocs\contratos\system\CodeIgniter.php(825): App\Controllers\Home->cadastrar_contrato()
#6 C:\xampp2\htdocs\contratos\system\CodeIgniter.php(412): CodeIgniter\CodeIgniter->runController(Object(App\Controllers\Home))
#7 C:\xampp2\htdocs\contratos\system\CodeIgniter.php(320): CodeIgniter\CodeIgniter->handleRequest(NULL, Object(Config\Cache), false)
#8 C:\xampp2\htdocs\contratos\public\index.php(37): CodeIgniter\CodeIgniter->run()
#9 {main}
CRITICAL - 2022-02-05 16:55:01 --> Undefined variable $dados
#0 C:\xampp2\htdocs\contratos\app\Views\cadastrar_contrato_view.php(58): CodeIgniter\Debug\Exceptions->errorHandler(2, 'Undefined varia...', 'C:\\xampp2\\htdoc...', 58)
#1 C:\xampp2\htdocs\contratos\system\View\View.php(210): include('C:\\xampp2\\htdoc...')
#2 C:\xampp2\htdocs\contratos\system\View\View.php(213): CodeIgniter\View\View->CodeIgniter\View\{closure}()
#3 C:\xampp2\htdocs\contratos\system\Common.php(1089): CodeIgniter\View\View->render('cadastrar_contr...', Array, true)
#4 C:\xampp2\htdocs\contratos\app\Controllers\Home.php(14): view('cadastrar_contr...')
#5 C:\xampp2\htdocs\contratos\system\CodeIgniter.php(825): App\Controllers\Home->cadastrar_contrato()
#6 C:\xampp2\htdocs\contratos\system\CodeIgniter.php(412): CodeIgniter\CodeIgniter->runController(Object(App\Controllers\Home))
#7 C:\xampp2\htdocs\contratos\system\CodeIgniter.php(320): CodeIgniter\CodeIgniter->handleRequest(NULL, Object(Config\Cache), false)
#8 C:\xampp2\htdocs\contratos\public\index.php(37): CodeIgniter\CodeIgniter->run()
#9 {main}
CRITICAL - 2022-02-05 16:56:06 --> Undefined variable $dados
#0 C:\xampp2\htdocs\contratos\app\Views\cadastrar_contrato_view.php(58): CodeIgniter\Debug\Exceptions->errorHandler(2, 'Undefined varia...', 'C:\\xampp2\\htdoc...', 58)
#1 C:\xampp2\htdocs\contratos\system\View\View.php(210): include('C:\\xampp2\\htdoc...')
#2 C:\xampp2\htdocs\contratos\system\View\View.php(213): CodeIgniter\View\View->CodeIgniter\View\{closure}()
#3 C:\xampp2\htdocs\contratos\system\Common.php(1089): CodeIgniter\View\View->render('cadastrar_contr...', Array, true)
#4 C:\xampp2\htdocs\contratos\app\Controllers\Home.php(14): view('cadastrar_contr...')
#5 C:\xampp2\htdocs\contratos\system\CodeIgniter.php(825): App\Controllers\Home->cadastrar_contrato()
#6 C:\xampp2\htdocs\contratos\system\CodeIgniter.php(412): CodeIgniter\CodeIgniter->runController(Object(App\Controllers\Home))
#7 C:\xampp2\htdocs\contratos\system\CodeIgniter.php(320): CodeIgniter\CodeIgniter->handleRequest(NULL, Object(Config\Cache), false)
#8 C:\xampp2\htdocs\contratos\public\index.php(37): CodeIgniter\CodeIgniter->run()
#9 {main}
CRITICAL - 2022-02-05 16:56:08 --> Undefined variable $dados
#0 C:\xampp2\htdocs\contratos\app\Views\cadastrar_contrato_view.php(58): CodeIgniter\Debug\Exceptions->errorHandler(2, 'Undefined varia...', 'C:\\xampp2\\htdoc...', 58)
#1 C:\xampp2\htdocs\contratos\system\View\View.php(210): include('C:\\xampp2\\htdoc...')
#2 C:\xampp2\htdocs\contratos\system\View\View.php(213): CodeIgniter\View\View->CodeIgniter\View\{closure}()
#3 C:\xampp2\htdocs\contratos\system\Common.php(1089): CodeIgniter\View\View->render('cadastrar_contr...', Array, true)
#4 C:\xampp2\htdocs\contratos\app\Controllers\Home.php(14): view('cadastrar_contr...')
#5 C:\xampp2\htdocs\contratos\system\CodeIgniter.php(825): App\Controllers\Home->cadastrar_contrato()
#6 C:\xampp2\htdocs\contratos\system\CodeIgniter.php(412): CodeIgniter\CodeIgniter->runController(Object(App\Controllers\Home))
#7 C:\xampp2\htdocs\contratos\system\CodeIgniter.php(320): CodeIgniter\CodeIgniter->handleRequest(NULL, Object(Config\Cache), false)
#8 C:\xampp2\htdocs\contratos\public\index.php(37): CodeIgniter\CodeIgniter->run()
#9 {main}
CRITICAL - 2022-02-05 16:58:02 --> Undefined variable $dados
#0 C:\xampp2\htdocs\contratos\app\Views\cadastrar_contrato_view.php(58): CodeIgniter\Debug\Exceptions->errorHandler(2, 'Undefined varia...', 'C:\\xampp2\\htdoc...', 58)
#1 C:\xampp2\htdocs\contratos\system\View\View.php(210): include('C:\\xampp2\\htdoc...')
#2 C:\xampp2\htdocs\contratos\system\View\View.php(213): CodeIgniter\View\View->CodeIgniter\View\{closure}()
#3 C:\xampp2\htdocs\contratos\system\Common.php(1089): CodeIgniter\View\View->render('cadastrar_contr...', Array, true)
#4 C:\xampp2\htdocs\contratos\app\Controllers\Home.php(14): view('cadastrar_contr...')
#5 C:\xampp2\htdocs\contratos\system\CodeIgniter.php(825): App\Controllers\Home->cadastrar_contrato()
#6 C:\xampp2\htdocs\contratos\system\CodeIgniter.php(412): CodeIgniter\CodeIgniter->runController(Object(App\Controllers\Home))
#7 C:\xampp2\htdocs\contratos\system\CodeIgniter.php(320): CodeIgniter\CodeIgniter->handleRequest(NULL, Object(Config\Cache), false)
#8 C:\xampp2\htdocs\contratos\public\index.php(37): CodeIgniter\CodeIgniter->run()
#9 {main}
CRITICAL - 2022-02-05 17:01:09 --> Undefined variable $dados
#0 C:\xampp2\htdocs\contratos\app\Views\cadastrar_contrato_view.php(58): CodeIgniter\Debug\Exceptions->errorHandler(2, 'Undefined varia...', 'C:\\xampp2\\htdoc...', 58)
#1 C:\xampp2\htdocs\contratos\system\View\View.php(210): include('C:\\xampp2\\htdoc...')
#2 C:\xampp2\htdocs\contratos\system\View\View.php(213): CodeIgniter\View\View->CodeIgniter\View\{closure}()
#3 C:\xampp2\htdocs\contratos\system\Common.php(1089): CodeIgniter\View\View->render('cadastrar_contr...', Array, true)
#4 C:\xampp2\htdocs\contratos\app\Controllers\Home.php(14): view('cadastrar_contr...')
#5 C:\xampp2\htdocs\contratos\system\CodeIgniter.php(825): App\Controllers\Home->cadastrar_contrato()
#6 C:\xampp2\htdocs\contratos\system\CodeIgniter.php(412): CodeIgniter\CodeIgniter->runController(Object(App\Controllers\Home))
#7 C:\xampp2\htdocs\contratos\system\CodeIgniter.php(320): CodeIgniter\CodeIgniter->handleRequest(NULL, Object(Config\Cache), false)
#8 C:\xampp2\htdocs\contratos\public\index.php(37): CodeIgniter\CodeIgniter->run()
#9 {main}
CRITICAL - 2022-02-05 17:01:11 --> Undefined variable $dados
#0 C:\xampp2\htdocs\contratos\app\Views\cadastrar_contrato_view.php(58): CodeIgniter\Debug\Exceptions->errorHandler(2, 'Undefined varia...', 'C:\\xampp2\\htdoc...', 58)
#1 C:\xampp2\htdocs\contratos\system\View\View.php(210): include('C:\\xampp2\\htdoc...')
#2 C:\xampp2\htdocs\contratos\system\View\View.php(213): CodeIgniter\View\View->CodeIgniter\View\{closure}()
#3 C:\xampp2\htdocs\contratos\system\Common.php(1089): CodeIgniter\View\View->render('cadastrar_contr...', Array, true)
#4 C:\xampp2\htdocs\contratos\app\Controllers\Home.php(14): view('cadastrar_contr...')
#5 C:\xampp2\htdocs\contratos\system\CodeIgniter.php(825): App\Controllers\Home->cadastrar_contrato()
#6 C:\xampp2\htdocs\contratos\system\CodeIgniter.php(412): CodeIgniter\CodeIgniter->runController(Object(App\Controllers\Home))
#7 C:\xampp2\htdocs\contratos\system\CodeIgniter.php(320): CodeIgniter\CodeIgniter->handleRequest(NULL, Object(Config\Cache), false)
#8 C:\xampp2\htdocs\contratos\public\index.php(37): CodeIgniter\CodeIgniter->run()
#9 {main}
CRITICAL - 2022-02-05 17:02:35 --> Undefined variable $dados
#0 C:\xampp2\htdocs\contratos\app\Views\cadastrar_contrato_view.php(58): CodeIgniter\Debug\Exceptions->errorHandler(2, 'Undefined varia...', 'C:\\xampp2\\htdoc...', 58)
#1 C:\xampp2\htdocs\contratos\system\View\View.php(210): include('C:\\xampp2\\htdoc...')
#2 C:\xampp2\htdocs\contratos\system\View\View.php(213): CodeIgniter\View\View->CodeIgniter\View\{closure}()
#3 C:\xampp2\htdocs\contratos\system\Common.php(1089): CodeIgniter\View\View->render('cadastrar_contr...', Array, true)
#4 C:\xampp2\htdocs\contratos\app\Controllers\Home.php(14): view('cadastrar_contr...')
#5 C:\xampp2\htdocs\contratos\system\CodeIgniter.php(825): App\Controllers\Home->cadastrar_contrato()
#6 C:\xampp2\htdocs\contratos\system\CodeIgniter.php(412): CodeIgniter\CodeIgniter->runController(Object(App\Controllers\Home))
#7 C:\xampp2\htdocs\contratos\system\CodeIgniter.php(320): CodeIgniter\CodeIgniter->handleRequest(NULL, Object(Config\Cache), false)
#8 C:\xampp2\htdocs\contratos\public\index.php(37): CodeIgniter\CodeIgniter->run()
#9 {main}
CRITICAL - 2022-02-05 17:03:08 --> Array to string conversion
#0 C:\xampp2\htdocs\contratos\app\Controllers\ContratoController.php(11): CodeIgniter\Debug\Exceptions->errorHandler(2, 'Array to string...', 'C:\\xampp2\\htdoc...', 11)
#1 C:\xampp2\htdocs\contratos\system\CodeIgniter.php(825): App\Controllers\ContratoController->salvar()
#2 C:\xampp2\htdocs\contratos\system\CodeIgniter.php(412): CodeIgniter\CodeIgniter->runController(Object(App\Controllers\ContratoController))
#3 C:\xampp2\htdocs\contratos\system\CodeIgniter.php(320): CodeIgniter\CodeIgniter->handleRequest(NULL, Object(Config\Cache), false)
#4 C:\xampp2\htdocs\contratos\public\index.php(37): CodeIgniter\CodeIgniter->run()
#5 {main}
CRITICAL - 2022-02-05 17:05:33 --> Undefined variable $dados
#0 C:\xampp2\htdocs\contratos\app\Views\cadastrar_contrato_view.php(58): CodeIgniter\Debug\Exceptions->errorHandler(2, 'Undefined varia...', 'C:\\xampp2\\htdoc...', 58)
#1 C:\xampp2\htdocs\contratos\system\View\View.php(210): include('C:\\xampp2\\htdoc...')
#2 C:\xampp2\htdocs\contratos\system\View\View.php(213): CodeIgniter\View\View->CodeIgniter\View\{closure}()
#3 C:\xampp2\htdocs\contratos\system\Common.php(1089): CodeIgniter\View\View->render('cadastrar_contr...', Array, true)
#4 C:\xampp2\htdocs\contratos\app\Controllers\Home.php(14): view('cadastrar_contr...')
#5 C:\xampp2\htdocs\contratos\system\CodeIgniter.php(825): App\Controllers\Home->cadastrar_contrato()
#6 C:\xampp2\htdocs\contratos\system\CodeIgniter.php(412): CodeIgniter\CodeIgniter->runController(Object(App\Controllers\Home))
#7 C:\xampp2\htdocs\contratos\system\CodeIgniter.php(320): CodeIgniter\CodeIgniter->handleRequest(NULL, Object(Config\Cache), false)
#8 C:\xampp2\htdocs\contratos\public\index.php(37): CodeIgniter\CodeIgniter->run()
#9 {main}
CRITICAL - 2022-02-05 17:06:02 --> Undefined variable $dados
#0 C:\xampp2\htdocs\contratos\app\Views\cadastrar_contrato_view.php(58): CodeIgniter\Debug\Exceptions->errorHandler(2, 'Undefined varia...', 'C:\\xampp2\\htdoc...', 58)
#1 C:\xampp2\htdocs\contratos\system\View\View.php(210): include('C:\\xampp2\\htdoc...')
#2 C:\xampp2\htdocs\contratos\system\View\View.php(213): CodeIgniter\View\View->CodeIgniter\View\{closure}()
#3 C:\xampp2\htdocs\contratos\system\Common.php(1089): CodeIgniter\View\View->render('cadastrar_contr...', Array, true)
#4 C:\xampp2\htdocs\contratos\app\Controllers\Home.php(14): view('cadastrar_contr...')
#5 C:\xampp2\htdocs\contratos\system\CodeIgniter.php(825): App\Controllers\Home->cadastrar_contrato()
#6 C:\xampp2\htdocs\contratos\system\CodeIgniter.php(412): CodeIgniter\CodeIgniter->runController(Object(App\Controllers\Home))
#7 C:\xampp2\htdocs\contratos\system\CodeIgniter.php(320): CodeIgniter\CodeIgniter->handleRequest(NULL, Object(Config\Cache), false)
#8 C:\xampp2\htdocs\contratos\public\index.php(37): CodeIgniter\CodeIgniter->run()
#9 {main}
CRITICAL - 2022-02-05 17:06:07 --> Undefined variable $dados
#0 C:\xampp2\htdocs\contratos\app\Views\cadastrar_contrato_view.php(58): CodeIgniter\Debug\Exceptions->errorHandler(2, 'Undefined varia...', 'C:\\xampp2\\htdoc...', 58)
#1 C:\xampp2\htdocs\contratos\system\View\View.php(210): include('C:\\xampp2\\htdoc...')
#2 C:\xampp2\htdocs\contratos\system\View\View.php(213): CodeIgniter\View\View->CodeIgniter\View\{closure}()
#3 C:\xampp2\htdocs\contratos\system\Common.php(1089): CodeIgniter\View\View->render('cadastrar_contr...', Array, true)
#4 C:\xampp2\htdocs\contratos\app\Controllers\Home.php(14): view('cadastrar_contr...')
#5 C:\xampp2\htdocs\contratos\system\CodeIgniter.php(825): App\Controllers\Home->cadastrar_contrato()
#6 C:\xampp2\htdocs\contratos\system\CodeIgniter.php(412): CodeIgniter\CodeIgniter->runController(Object(App\Controllers\Home))
#7 C:\xampp2\htdocs\contratos\system\CodeIgniter.php(320): CodeIgniter\CodeIgniter->handleRequest(NULL, Object(Config\Cache), false)
#8 C:\xampp2\htdocs\contratos\public\index.php(37): CodeIgniter\CodeIgniter->run()
#9 {main}
CRITICAL - 2022-02-05 17:06:48 --> Undefined variable $dados
#0 C:\xampp2\htdocs\contratos\app\Views\cadastrar_contrato_view.php(56): CodeIgniter\Debug\Exceptions->errorHandler(2, 'Undefined varia...', 'C:\\xampp2\\htdoc...', 56)
#1 C:\xampp2\htdocs\contratos\system\View\View.php(210): include('C:\\xampp2\\htdoc...')
#2 C:\xampp2\htdocs\contratos\system\View\View.php(213): CodeIgniter\View\View->CodeIgniter\View\{closure}()
#3 C:\xampp2\htdocs\contratos\system\Common.php(1089): CodeIgniter\View\View->render('cadastrar_contr...', Array, true)
#4 C:\xampp2\htdocs\contratos\app\Controllers\Home.php(14): view('cadastrar_contr...')
#5 C:\xampp2\htdocs\contratos\system\CodeIgniter.php(825): App\Controllers\Home->cadastrar_contrato()
#6 C:\xampp2\htdocs\contratos\system\CodeIgniter.php(412): CodeIgniter\CodeIgniter->runController(Object(App\Controllers\Home))
#7 C:\xampp2\htdocs\contratos\system\CodeIgniter.php(320): CodeIgniter\CodeIgniter->handleRequest(NULL, Object(Config\Cache), false)
#8 C:\xampp2\htdocs\contratos\public\index.php(37): CodeIgniter\CodeIgniter->run()
#9 {main}
CRITICAL - 2022-02-05 17:11:34 --> Undefined variable $dados
#0 C:\xampp2\htdocs\contratos\app\Views\cadastrar_contrato_view.php(56): CodeIgniter\Debug\Exceptions->errorHandler(2, 'Undefined varia...', 'C:\\xampp2\\htdoc...', 56)
#1 C:\xampp2\htdocs\contratos\system\View\View.php(210): include('C:\\xampp2\\htdoc...')
#2 C:\xampp2\htdocs\contratos\system\View\View.php(213): CodeIgniter\View\View->CodeIgniter\View\{closure}()
#3 C:\xampp2\htdocs\contratos\system\Common.php(1089): CodeIgniter\View\View->render('cadastrar_contr...', Array, true)
#4 C:\xampp2\htdocs\contratos\app\Controllers\Home.php(14): view('cadastrar_contr...')
#5 C:\xampp2\htdocs\contratos\system\CodeIgniter.php(825): App\Controllers\Home->cadastrar_contrato()
#6 C:\xampp2\htdocs\contratos\system\CodeIgniter.php(412): CodeIgniter\CodeIgniter->runController(Object(App\Controllers\Home))
#7 C:\xampp2\htdocs\contratos\system\CodeIgniter.php(320): CodeIgniter\CodeIgniter->handleRequest(NULL, Object(Config\Cache), false)
#8 C:\xampp2\htdocs\contratos\public\index.php(37): CodeIgniter\CodeIgniter->run()
#9 {main}
CRITICAL - 2022-02-05 17:11:36 --> Undefined variable $dados
#0 C:\xampp2\htdocs\contratos\app\Views\cadastrar_contrato_view.php(56): CodeIgniter\Debug\Exceptions->errorHandler(2, 'Undefined varia...', 'C:\\xampp2\\htdoc...', 56)
#1 C:\xampp2\htdocs\contratos\system\View\View.php(210): include('C:\\xampp2\\htdoc...')
#2 C:\xampp2\htdocs\contratos\system\View\View.php(213): CodeIgniter\View\View->CodeIgniter\View\{closure}()
#3 C:\xampp2\htdocs\contratos\system\Common.php(1089): CodeIgniter\View\View->render('cadastrar_contr...', Array, true)
#4 C:\xampp2\htdocs\contratos\app\Controllers\Home.php(14): view('cadastrar_contr...')
#5 C:\xampp2\htdocs\contratos\system\CodeIgniter.php(825): App\Controllers\Home->cadastrar_contrato()
#6 C:\xampp2\htdocs\contratos\system\CodeIgniter.php(412): CodeIgniter\CodeIgniter->runController(Object(App\Controllers\Home))
#7 C:\xampp2\htdocs\contratos\system\CodeIgniter.php(320): CodeIgniter\CodeIgniter->handleRequest(NULL, Object(Config\Cache), false)
#8 C:\xampp2\htdocs\contratos\public\index.php(37): CodeIgniter\CodeIgniter->run()
#9 {main}
CRITICAL - 2022-02-05 17:14:25 --> Undefined variable $dados
#0 C:\xampp2\htdocs\contratos\app\Views\cadastrar_contrato_view.php(56): CodeIgniter\Debug\Exceptions->errorHandler(2, 'Undefined varia...', 'C:\\xampp2\\htdoc...', 56)
#1 C:\xampp2\htdocs\contratos\system\View\View.php(210): include('C:\\xampp2\\htdoc...')
#2 C:\xampp2\htdocs\contratos\system\View\View.php(213): CodeIgniter\View\View->CodeIgniter\View\{closure}()
#3 C:\xampp2\htdocs\contratos\system\Common.php(1089): CodeIgniter\View\View->render('cadastrar_contr...', Array, true)
#4 C:\xampp2\htdocs\contratos\app\Controllers\Home.php(14): view('cadastrar_contr...')
#5 C:\xampp2\htdocs\contratos\system\CodeIgniter.php(825): App\Controllers\Home->cadastrar_contrato()
#6 C:\xampp2\htdocs\contratos\system\CodeIgniter.php(412): CodeIgniter\CodeIgniter->runController(Object(App\Controllers\Home))
#7 C:\xampp2\htdocs\contratos\system\CodeIgniter.php(320): CodeIgniter\CodeIgniter->handleRequest(NULL, Object(Config\Cache), false)
#8 C:\xampp2\htdocs\contratos\public\index.php(37): CodeIgniter\CodeIgniter->run()
#9 {main}
CRITICAL - 2022-02-05 17:14:28 --> Undefined variable $dados
#0 C:\xampp2\htdocs\contratos\app\Views\cadastrar_contrato_view.php(56): CodeIgniter\Debug\Exceptions->errorHandler(2, 'Undefined varia...', 'C:\\xampp2\\htdoc...', 56)
#1 C:\xampp2\htdocs\contratos\system\View\View.php(210): include('C:\\xampp2\\htdoc...')
#2 C:\xampp2\htdocs\contratos\system\View\View.php(213): CodeIgniter\View\View->CodeIgniter\View\{closure}()
#3 C:\xampp2\htdocs\contratos\system\Common.php(1089): CodeIgniter\View\View->render('cadastrar_contr...', Array, true)
#4 C:\xampp2\htdocs\contratos\app\Controllers\Home.php(14): view('cadastrar_contr...')
#5 C:\xampp2\htdocs\contratos\system\CodeIgniter.php(825): App\Controllers\Home->cadastrar_contrato()
#6 C:\xampp2\htdocs\contratos\system\CodeIgniter.php(412): CodeIgniter\CodeIgniter->runController(Object(App\Controllers\Home))
#7 C:\xampp2\htdocs\contratos\system\CodeIgniter.php(320): CodeIgniter\CodeIgniter->handleRequest(NULL, Object(Config\Cache), false)
#8 C:\xampp2\htdocs\contratos\public\index.php(37): CodeIgniter\CodeIgniter->run()
#9 {main}
CRITICAL - 2022-02-05 17:14:41 --> Undefined variable $dados
#0 C:\xampp2\htdocs\contratos\app\Views\cadastrar_contrato_view.php(56): CodeIgniter\Debug\Exceptions->errorHandler(2, 'Undefined varia...', 'C:\\xampp2\\htdoc...', 56)
#1 C:\xampp2\htdocs\contratos\system\View\View.php(210): include('C:\\xampp2\\htdoc...')
#2 C:\xampp2\htdocs\contratos\system\View\View.php(213): CodeIgniter\View\View->CodeIgniter\View\{closure}()
#3 C:\xampp2\htdocs\contratos\system\Common.php(1089): CodeIgniter\View\View->render('cadastrar_contr...', Array, true)
#4 C:\xampp2\htdocs\contratos\app\Controllers\Home.php(14): view('cadastrar_contr...')
#5 C:\xampp2\htdocs\contratos\system\CodeIgniter.php(825): App\Controllers\Home->cadastrar_contrato()
#6 C:\xampp2\htdocs\contratos\system\CodeIgniter.php(412): CodeIgniter\CodeIgniter->runController(Object(App\Controllers\Home))
#7 C:\xampp2\htdocs\contratos\system\CodeIgniter.php(320): CodeIgniter\CodeIgniter->handleRequest(NULL, Object(Config\Cache), false)
#8 C:\xampp2\htdocs\contratos\public\index.php(37): CodeIgniter\CodeIgniter->run()
#9 {main}
CRITICAL - 2022-02-05 17:14:47 --> Undefined variable $dados
#0 C:\xampp2\htdocs\contratos\app\Views\cadastrar_contrato_view.php(56): CodeIgniter\Debug\Exceptions->errorHandler(2, 'Undefined varia...', 'C:\\xampp2\\htdoc...', 56)
#1 C:\xampp2\htdocs\contratos\system\View\View.php(210): include('C:\\xampp2\\htdoc...')
#2 C:\xampp2\htdocs\contratos\system\View\View.php(213): CodeIgniter\View\View->CodeIgniter\View\{closure}()
#3 C:\xampp2\htdocs\contratos\system\Common.php(1089): CodeIgniter\View\View->render('cadastrar_contr...', Array, true)
#4 C:\xampp2\htdocs\contratos\app\Controllers\Home.php(14): view('cadastrar_contr...')
#5 C:\xampp2\htdocs\contratos\system\CodeIgniter.php(825): App\Controllers\Home->cadastrar_contrato()
#6 C:\xampp2\htdocs\contratos\system\CodeIgniter.php(412): CodeIgniter\CodeIgniter->runController(Object(App\Controllers\Home))
#7 C:\xampp2\htdocs\contratos\system\CodeIgniter.php(320): CodeIgniter\CodeIgniter->handleRequest(NULL, Object(Config\Cache), false)
#8 C:\xampp2\htdocs\contratos\public\index.php(37): CodeIgniter\CodeIgniter->run()
#9 {main}
CRITICAL - 2022-02-05 17:16:04 --> Undefined variable $dados
#0 C:\xampp2\htdocs\contratos\app\Views\cadastrar_contrato_view.php(56): CodeIgniter\Debug\Exceptions->errorHandler(2, 'Undefined varia...', 'C:\\xampp2\\htdoc...', 56)
#1 C:\xampp2\htdocs\contratos\system\View\View.php(210): include('C:\\xampp2\\htdoc...')
#2 C:\xampp2\htdocs\contratos\system\View\View.php(213): CodeIgniter\View\View->CodeIgniter\View\{closure}()
#3 C:\xampp2\htdocs\contratos\system\Common.php(1089): CodeIgniter\View\View->render('cadastrar_contr...', Array, true)
#4 C:\xampp2\htdocs\contratos\app\Controllers\Home.php(14): view('cadastrar_contr...')
#5 C:\xampp2\htdocs\contratos\system\CodeIgniter.php(825): App\Controllers\Home->cadastrar_contrato()
#6 C:\xampp2\htdocs\contratos\system\CodeIgniter.php(412): CodeIgniter\CodeIgniter->runController(Object(App\Controllers\Home))
#7 C:\xampp2\htdocs\contratos\system\CodeIgniter.php(320): CodeIgniter\CodeIgniter->handleRequest(NULL, Object(Config\Cache), false)
#8 C:\xampp2\htdocs\contratos\public\index.php(37): CodeIgniter\CodeIgniter->run()
#9 {main}
CRITICAL - 2022-02-05 17:19:24 --> Undefined variable $dados
#0 C:\xampp2\htdocs\contratos\app\Views\cadastrar_contrato_view.php(56): CodeIgniter\Debug\Exceptions->errorHandler(2, 'Undefined varia...', 'C:\\xampp2\\htdoc...', 56)
#1 C:\xampp2\htdocs\contratos\system\View\View.php(210): include('C:\\xampp2\\htdoc...')
#2 C:\xampp2\htdocs\contratos\system\View\View.php(213): CodeIgniter\View\View->CodeIgniter\View\{closure}()
#3 C:\xampp2\htdocs\contratos\system\Common.php(1089): CodeIgniter\View\View->render('cadastrar_contr...', Array, true)
#4 C:\xampp2\htdocs\contratos\app\Controllers\Home.php(14): view('cadastrar_contr...')
#5 C:\xampp2\htdocs\contratos\system\CodeIgniter.php(825): App\Controllers\Home->cadastrar_contrato()
#6 C:\xampp2\htdocs\contratos\system\CodeIgniter.php(412): CodeIgniter\CodeIgniter->runController(Object(App\Controllers\Home))
#7 C:\xampp2\htdocs\contratos\system\CodeIgniter.php(320): CodeIgniter\CodeIgniter->handleRequest(NULL, Object(Config\Cache), false)
#8 C:\xampp2\htdocs\contratos\public\index.php(37): CodeIgniter\CodeIgniter->run()
#9 {main}
CRITICAL - 2022-02-05 17:19:31 --> Undefined variable $dados
#0 C:\xampp2\htdocs\contratos\app\Views\cadastrar_contrato_view.php(56): CodeIgniter\Debug\Exceptions->errorHandler(2, 'Undefined varia...', 'C:\\xampp2\\htdoc...', 56)
#1 C:\xampp2\htdocs\contratos\system\View\View.php(210): include('C:\\xampp2\\htdoc...')
#2 C:\xampp2\htdocs\contratos\system\View\View.php(213): CodeIgniter\View\View->CodeIgniter\View\{closure}()
#3 C:\xampp2\htdocs\contratos\system\Common.php(1089): CodeIgniter\View\View->render('cadastrar_contr...', Array, true)
#4 C:\xampp2\htdocs\contratos\app\Controllers\Home.php(14): view('cadastrar_contr...')
#5 C:\xampp2\htdocs\contratos\system\CodeIgniter.php(825): App\Controllers\Home->cadastrar_contrato()
#6 C:\xampp2\htdocs\contratos\system\CodeIgniter.php(412): CodeIgniter\CodeIgniter->runController(Object(App\Controllers\Home))
#7 C:\xampp2\htdocs\contratos\system\CodeIgniter.php(320): CodeIgniter\CodeIgniter->handleRequest(NULL, Object(Config\Cache), false)
#8 C:\xampp2\htdocs\contratos\public\index.php(37): CodeIgniter\CodeIgniter->run()
#9 {main}
CRITICAL - 2022-02-05 17:20:00 --> Undefined variable $dados
#0 C:\xampp2\htdocs\contratos\app\Views\cadastrar_contrato_view.php(56): CodeIgniter\Debug\Exceptions->errorHandler(2, 'Undefined varia...', 'C:\\xampp2\\htdoc...', 56)
#1 C:\xampp2\htdocs\contratos\system\View\View.php(210): include('C:\\xampp2\\htdoc...')
#2 C:\xampp2\htdocs\contratos\system\View\View.php(213): CodeIgniter\View\View->CodeIgniter\View\{closure}()
#3 C:\xampp2\htdocs\contratos\system\Common.php(1089): CodeIgniter\View\View->render('cadastrar_contr...', Array, true)
#4 C:\xampp2\htdocs\contratos\app\Controllers\Home.php(14): view('cadastrar_contr...')
#5 C:\xampp2\htdocs\contratos\system\CodeIgniter.php(825): App\Controllers\Home->cadastrar_contrato()
#6 C:\xampp2\htdocs\contratos\system\CodeIgniter.php(412): CodeIgniter\CodeIgniter->runController(Object(App\Controllers\Home))
#7 C:\xampp2\htdocs\contratos\system\CodeIgniter.php(320): CodeIgniter\CodeIgniter->handleRequest(NULL, Object(Config\Cache), false)
#8 C:\xampp2\htdocs\contratos\public\index.php(37): CodeIgniter\CodeIgniter->run()
#9 {main}
CRITICAL - 2022-02-05 17:20:03 --> Undefined variable $dados
#0 C:\xampp2\htdocs\contratos\app\Views\cadastrar_contrato_view.php(56): CodeIgniter\Debug\Exceptions->errorHandler(2, 'Undefined varia...', 'C:\\xampp2\\htdoc...', 56)
#1 C:\xampp2\htdocs\contratos\system\View\View.php(210): include('C:\\xampp2\\htdoc...')
#2 C:\xampp2\htdocs\contratos\system\View\View.php(213): CodeIgniter\View\View->CodeIgniter\View\{closure}()
#3 C:\xampp2\htdocs\contratos\system\Common.php(1089): CodeIgniter\View\View->render('cadastrar_contr...', Array, true)
#4 C:\xampp2\htdocs\contratos\app\Controllers\Home.php(14): view('cadastrar_contr...')
#5 C:\xampp2\htdocs\contratos\system\CodeIgniter.php(825): App\Controllers\Home->cadastrar_contrato()
#6 C:\xampp2\htdocs\contratos\system\CodeIgniter.php(412): CodeIgniter\CodeIgniter->runController(Object(App\Controllers\Home))
#7 C:\xampp2\htdocs\contratos\system\CodeIgniter.php(320): CodeIgniter\CodeIgniter->handleRequest(NULL, Object(Config\Cache), false)
#8 C:\xampp2\htdocs\contratos\public\index.php(37): CodeIgniter\CodeIgniter->run()
#9 {main}
CRITICAL - 2022-02-05 17:20:47 --> Undefined variable $dados
#0 C:\xampp2\htdocs\contratos\app\Views\cadastrar_contrato_view.php(56): CodeIgniter\Debug\Exceptions->errorHandler(2, 'Undefined varia...', 'C:\\xampp2\\htdoc...', 56)
#1 C:\xampp2\htdocs\contratos\system\View\View.php(210): include('C:\\xampp2\\htdoc...')
#2 C:\xampp2\htdocs\contratos\system\View\View.php(213): CodeIgniter\View\View->CodeIgniter\View\{closure}()
#3 C:\xampp2\htdocs\contratos\system\Common.php(1089): CodeIgniter\View\View->render('cadastrar_contr...', Array, true)
#4 C:\xampp2\htdocs\contratos\app\Controllers\Home.php(14): view('cadastrar_contr...')
#5 C:\xampp2\htdocs\contratos\system\CodeIgniter.php(825): App\Controllers\Home->cadastrar_contrato()
#6 C:\xampp2\htdocs\contratos\system\CodeIgniter.php(412): CodeIgniter\CodeIgniter->runController(Object(App\Controllers\Home))
#7 C:\xampp2\htdocs\contratos\system\CodeIgniter.php(320): CodeIgniter\CodeIgniter->handleRequest(NULL, Object(Config\Cache), false)
#8 C:\xampp2\htdocs\contratos\public\index.php(37): CodeIgniter\CodeIgniter->run()
#9 {main}
CRITICAL - 2022-02-05 17:20:50 --> Undefined variable $dados
#0 C:\xampp2\htdocs\contratos\app\Views\cadastrar_contrato_view.php(56): CodeIgniter\Debug\Exceptions->errorHandler(2, 'Undefined varia...', 'C:\\xampp2\\htdoc...', 56)
#1 C:\xampp2\htdocs\contratos\system\View\View.php(210): include('C:\\xampp2\\htdoc...')
#2 C:\xampp2\htdocs\contratos\system\View\View.php(213): CodeIgniter\View\View->CodeIgniter\View\{closure}()
#3 C:\xampp2\htdocs\contratos\system\Common.php(1089): CodeIgniter\View\View->render('cadastrar_contr...', Array, true)
#4 C:\xampp2\htdocs\contratos\app\Controllers\Home.php(14): view('cadastrar_contr...')
#5 C:\xampp2\htdocs\contratos\system\CodeIgniter.php(825): App\Controllers\Home->cadastrar_contrato()
#6 C:\xampp2\htdocs\contratos\system\CodeIgniter.php(412): CodeIgniter\CodeIgniter->runController(Object(App\Controllers\Home))
#7 C:\xampp2\htdocs\contratos\system\CodeIgniter.php(320): CodeIgniter\CodeIgniter->handleRequest(NULL, Object(Config\Cache), false)
#8 C:\xampp2\htdocs\contratos\public\index.php(37): CodeIgniter\CodeIgniter->run()
#9 {main}
CRITICAL - 2022-02-05 17:27:27 --> Undefined variable $dados
#0 C:\xampp2\htdocs\contratos\app\Views\cadastrar_contrato_view.php(56): CodeIgniter\Debug\Exceptions->errorHandler(2, 'Undefined varia...', 'C:\\xampp2\\htdoc...', 56)
#1 C:\xampp2\htdocs\contratos\system\View\View.php(210): include('C:\\xampp2\\htdoc...')
#2 C:\xampp2\htdocs\contratos\system\View\View.php(213): CodeIgniter\View\View->CodeIgniter\View\{closure}()
#3 C:\xampp2\htdocs\contratos\system\Common.php(1089): CodeIgniter\View\View->render('cadastrar_contr...', Array, true)
#4 C:\xampp2\htdocs\contratos\app\Controllers\Home.php(14): view('cadastrar_contr...')
#5 C:\xampp2\htdocs\contratos\system\CodeIgniter.php(825): App\Controllers\Home->cadastrar_contrato()
#6 C:\xampp2\htdocs\contratos\system\CodeIgniter.php(412): CodeIgniter\CodeIgniter->runController(Object(App\Controllers\Home))
#7 C:\xampp2\htdocs\contratos\system\CodeIgniter.php(320): CodeIgniter\CodeIgniter->handleRequest(NULL, Object(Config\Cache), false)
#8 C:\xampp2\htdocs\contratos\public\index.php(37): CodeIgniter\CodeIgniter->run()
#9 {main}
CRITICAL - 2022-02-05 17:27:29 --> Undefined variable $dados
#0 C:\xampp2\htdocs\contratos\app\Views\cadastrar_contrato_view.php(56): CodeIgniter\Debug\Exceptions->errorHandler(2, 'Undefined varia...', 'C:\\xampp2\\htdoc...', 56)
#1 C:\xampp2\htdocs\contratos\system\View\View.php(210): include('C:\\xampp2\\htdoc...')
#2 C:\xampp2\htdocs\contratos\system\View\View.php(213): CodeIgniter\View\View->CodeIgniter\View\{closure}()
#3 C:\xampp2\htdocs\contratos\system\Common.php(1089): CodeIgniter\View\View->render('cadastrar_contr...', Array, true)
#4 C:\xampp2\htdocs\contratos\app\Controllers\Home.php(14): view('cadastrar_contr...')
#5 C:\xampp2\htdocs\contratos\system\CodeIgniter.php(825): App\Controllers\Home->cadastrar_contrato()
#6 C:\xampp2\htdocs\contratos\system\CodeIgniter.php(412): CodeIgniter\CodeIgniter->runController(Object(App\Controllers\Home))
#7 C:\xampp2\htdocs\contratos\system\CodeIgniter.php(320): CodeIgniter\CodeIgniter->handleRequest(NULL, Object(Config\Cache), false)
#8 C:\xampp2\htdocs\contratos\public\index.php(37): CodeIgniter\CodeIgniter->run()
#9 {main}
CRITICAL - 2022-02-05 17:33:33 --> Undefined variable $dados
#0 C:\xampp2\htdocs\contratos\app\Views\cadastrar_contrato_view.php(56): CodeIgniter\Debug\Exceptions->errorHandler(2, 'Undefined varia...', 'C:\\xampp2\\htdoc...', 56)
#1 C:\xampp2\htdocs\contratos\system\View\View.php(210): include('C:\\xampp2\\htdoc...')
#2 C:\xampp2\htdocs\contratos\system\View\View.php(213): CodeIgniter\View\View->CodeIgniter\View\{closure}()
#3 C:\xampp2\htdocs\contratos\system\Common.php(1089): CodeIgniter\View\View->render('cadastrar_contr...', Array, true)
#4 C:\xampp2\htdocs\contratos\app\Controllers\Home.php(14): view('cadastrar_contr...')
#5 C:\xampp2\htdocs\contratos\system\CodeIgniter.php(825): App\Controllers\Home->cadastrar_contrato()
#6 C:\xampp2\htdocs\contratos\system\CodeIgniter.php(412): CodeIgniter\CodeIgniter->runController(Object(App\Controllers\Home))
#7 C:\xampp2\htdocs\contratos\system\CodeIgniter.php(320): CodeIgniter\CodeIgniter->handleRequest(NULL, Object(Config\Cache), false)
#8 C:\xampp2\htdocs\contratos\public\index.php(37): CodeIgniter\CodeIgniter->run()
#9 {main}
CRITICAL - 2022-02-05 17:33:37 --> Undefined variable $dados
#0 C:\xampp2\htdocs\contratos\app\Views\cadastrar_contrato_view.php(56): CodeIgniter\Debug\Exceptions->errorHandler(2, 'Undefined varia...', 'C:\\xampp2\\htdoc...', 56)
#1 C:\xampp2\htdocs\contratos\system\View\View.php(210): include('C:\\xampp2\\htdoc...')
#2 C:\xampp2\htdocs\contratos\system\View\View.php(213): CodeIgniter\View\View->CodeIgniter\View\{closure}()
#3 C:\xampp2\htdocs\contratos\system\Common.php(1089): CodeIgniter\View\View->render('cadastrar_contr...', Array, true)
#4 C:\xampp2\htdocs\contratos\app\Controllers\Home.php(14): view('cadastrar_contr...')
#5 C:\xampp2\htdocs\contratos\system\CodeIgniter.php(825): App\Controllers\Home->cadastrar_contrato()
#6 C:\xampp2\htdocs\contratos\system\CodeIgniter.php(412): CodeIgniter\CodeIgniter->runController(Object(App\Controllers\Home))
#7 C:\xampp2\htdocs\contratos\system\CodeIgniter.php(320): CodeIgniter\CodeIgniter->handleRequest(NULL, Object(Config\Cache), false)
#8 C:\xampp2\htdocs\contratos\public\index.php(37): CodeIgniter\CodeIgniter->run()
#9 {main}
CRITICAL - 2022-02-05 17:34:21 --> Undefined variable $dados
#0 C:\xampp2\htdocs\contratos\app\Views\cadastrar_contrato_view.php(56): CodeIgniter\Debug\Exceptions->errorHandler(2, 'Undefined varia...', 'C:\\xampp2\\htdoc...', 56)
#1 C:\xampp2\htdocs\contratos\system\View\View.php(210): include('C:\\xampp2\\htdoc...')
#2 C:\xampp2\htdocs\contratos\system\View\View.php(213): CodeIgniter\View\View->CodeIgniter\View\{closure}()
#3 C:\xampp2\htdocs\contratos\system\Common.php(1089): CodeIgniter\View\View->render('cadastrar_contr...', Array, true)
#4 C:\xampp2\htdocs\contratos\app\Controllers\Home.php(14): view('cadastrar_contr...')
#5 C:\xampp2\htdocs\contratos\system\CodeIgniter.php(825): App\Controllers\Home->cadastrar_contrato()
#6 C:\xampp2\htdocs\contratos\system\CodeIgniter.php(412): CodeIgniter\CodeIgniter->runController(Object(App\Controllers\Home))
#7 C:\xampp2\htdocs\contratos\system\CodeIgniter.php(320): CodeIgniter\CodeIgniter->handleRequest(NULL, Object(Config\Cache), false)
#8 C:\xampp2\htdocs\contratos\public\index.php(37): CodeIgniter\CodeIgniter->run()
#9 {main}
CRITICAL - 2022-02-05 17:34:41 --> Undefined variable $dados
#0 C:\xampp2\htdocs\contratos\app\Views\cadastrar_contrato_view.php(56): CodeIgniter\Debug\Exceptions->errorHandler(2, 'Undefined varia...', 'C:\\xampp2\\htdoc...', 56)
#1 C:\xampp2\htdocs\contratos\system\View\View.php(210): include('C:\\xampp2\\htdoc...')
#2 C:\xampp2\htdocs\contratos\system\View\View.php(213): CodeIgniter\View\View->CodeIgniter\View\{closure}()
#3 C:\xampp2\htdocs\contratos\system\Common.php(1089): CodeIgniter\View\View->render('cadastrar_contr...', Array, true)
#4 C:\xampp2\htdocs\contratos\app\Controllers\Home.php(14): view('cadastrar_contr...')
#5 C:\xampp2\htdocs\contratos\system\CodeIgniter.php(825): App\Controllers\Home->cadastrar_contrato()
#6 C:\xampp2\htdocs\contratos\system\CodeIgniter.php(412): CodeIgniter\CodeIgniter->runController(Object(App\Controllers\Home))
#7 C:\xampp2\htdocs\contratos\system\CodeIgniter.php(320): CodeIgniter\CodeIgniter->handleRequest(NULL, Object(Config\Cache), false)
#8 C:\xampp2\htdocs\contratos\public\index.php(37): CodeIgniter\CodeIgniter->run()
#9 {main}
CRITICAL - 2022-02-05 17:36:11 --> Attempt to read property "dados" on array
#0 C:\xampp2\htdocs\contratos\app\Controllers\Home.php(15): CodeIgniter\Debug\Exceptions->errorHandler(2, 'Attempt to read...', 'C:\\xampp2\\htdoc...', 15)
#1 C:\xampp2\htdocs\contratos\system\CodeIgniter.php(825): App\Controllers\Home->cadastrar_contrato()
#2 C:\xampp2\htdocs\contratos\system\CodeIgniter.php(412): CodeIgniter\CodeIgniter->runController(Object(App\Controllers\Home))
#3 C:\xampp2\htdocs\contratos\system\CodeIgniter.php(320): CodeIgniter\CodeIgniter->handleRequest(NULL, Object(Config\Cache), false)
#4 C:\xampp2\htdocs\contratos\public\index.php(37): CodeIgniter\CodeIgniter->run()
#5 {main}
CRITICAL - 2022-02-05 17:36:27 --> Undefined variable $dados
#0 C:\xampp2\htdocs\contratos\app\Views\cadastrar_contrato_view.php(56): CodeIgniter\Debug\Exceptions->errorHandler(2, 'Undefined varia...', 'C:\\xampp2\\htdoc...', 56)
#1 C:\xampp2\htdocs\contratos\system\View\View.php(210): include('C:\\xampp2\\htdoc...')
#2 C:\xampp2\htdocs\contratos\system\View\View.php(213): CodeIgniter\View\View->CodeIgniter\View\{closure}()
#3 C:\xampp2\htdocs\contratos\system\Common.php(1089): CodeIgniter\View\View->render('cadastrar_contr...', Array, true)
#4 C:\xampp2\htdocs\contratos\app\Controllers\Home.php(16): view('cadastrar_contr...')
#5 C:\xampp2\htdocs\contratos\system\CodeIgniter.php(825): App\Controllers\Home->cadastrar_contrato()
#6 C:\xampp2\htdocs\contratos\system\CodeIgniter.php(412): CodeIgniter\CodeIgniter->runController(Object(App\Controllers\Home))
#7 C:\xampp2\htdocs\contratos\system\CodeIgniter.php(320): CodeIgniter\CodeIgniter->handleRequest(NULL, Object(Config\Cache), false)
#8 C:\xampp2\htdocs\contratos\public\index.php(37): CodeIgniter\CodeIgniter->run()
#9 {main}
CRITICAL - 2022-02-05 17:36:40 --> Attempt to read property "dados" on array
#0 C:\xampp2\htdocs\contratos\app\Controllers\Home.php(15): CodeIgniter\Debug\Exceptions->errorHandler(2, 'Attempt to read...', 'C:\\xampp2\\htdoc...', 15)
#1 C:\xampp2\htdocs\contratos\system\CodeIgniter.php(825): App\Controllers\Home->cadastrar_contrato()
#2 C:\xampp2\htdocs\contratos\system\CodeIgniter.php(412): CodeIgniter\CodeIgniter->runController(Object(App\Controllers\Home))
#3 C:\xampp2\htdocs\contratos\system\CodeIgniter.php(320): CodeIgniter\CodeIgniter->handleRequest(NULL, Object(Config\Cache), false)
#4 C:\xampp2\htdocs\contratos\public\index.php(37): CodeIgniter\CodeIgniter->run()
#5 {main}
CRITICAL - 2022-02-05 17:37:12 --> Attempt to read property "dados" on array
#0 C:\xampp2\htdocs\contratos\app\Controllers\Home.php(15): CodeIgniter\Debug\Exceptions->errorHandler(2, 'Attempt to read...', 'C:\\xampp2\\htdoc...', 15)
#1 C:\xampp2\htdocs\contratos\system\CodeIgniter.php(825): App\Controllers\Home->cadastrar_contrato()
#2 C:\xampp2\htdocs\contratos\system\CodeIgniter.php(412): CodeIgniter\CodeIgniter->runController(Object(App\Controllers\Home))
#3 C:\xampp2\htdocs\contratos\system\CodeIgniter.php(320): CodeIgniter\CodeIgniter->handleRequest(NULL, Object(Config\Cache), false)
#4 C:\xampp2\htdocs\contratos\public\index.php(37): CodeIgniter\CodeIgniter->run()
#5 {main}
CRITICAL - 2022-02-05 17:37:15 --> Attempt to read property "dados" on array
#0 C:\xampp2\htdocs\contratos\app\Controllers\Home.php(15): CodeIgniter\Debug\Exceptions->errorHandler(2, 'Attempt to read...', 'C:\\xampp2\\htdoc...', 15)
#1 C:\xampp2\htdocs\contratos\system\CodeIgniter.php(825): App\Controllers\Home->cadastrar_contrato()
#2 C:\xampp2\htdocs\contratos\system\CodeIgniter.php(412): CodeIgniter\CodeIgniter->runController(Object(App\Controllers\Home))
#3 C:\xampp2\htdocs\contratos\system\CodeIgniter.php(320): CodeIgniter\CodeIgniter->handleRequest(NULL, Object(Config\Cache), false)
#4 C:\xampp2\htdocs\contratos\public\index.php(37): CodeIgniter\CodeIgniter->run()
#5 {main}
CRITICAL - 2022-02-05 17:37:40 --> Undefined variable $dados
#0 C:\xampp2\htdocs\contratos\app\Views\cadastrar_contrato_view.php(56): CodeIgniter\Debug\Exceptions->errorHandler(2, 'Undefined varia...', 'C:\\xampp2\\htdoc...', 56)
#1 C:\xampp2\htdocs\contratos\system\View\View.php(210): include('C:\\xampp2\\htdoc...')
#2 C:\xampp2\htdocs\contratos\system\View\View.php(213): CodeIgniter\View\View->CodeIgniter\View\{closure}()
#3 C:\xampp2\htdocs\contratos\system\Common.php(1089): CodeIgniter\View\View->render('cadastrar_contr...', Array, true)
#4 C:\xampp2\htdocs\contratos\app\Controllers\Home.php(15): view('cadastrar_contr...')
#5 C:\xampp2\htdocs\contratos\system\CodeIgniter.php(825): App\Controllers\Home->cadastrar_contrato()
#6 C:\xampp2\htdocs\contratos\system\CodeIgniter.php(412): CodeIgniter\CodeIgniter->runController(Object(App\Controllers\Home))
#7 C:\xampp2\htdocs\contratos\system\CodeIgniter.php(320): CodeIgniter\CodeIgniter->handleRequest(NULL, Object(Config\Cache), false)
#8 C:\xampp2\htdocs\contratos\public\index.php(37): CodeIgniter\CodeIgniter->run()
#9 {main}
CRITICAL - 2022-02-05 17:38:19 --> Undefined variable $dados
#0 C:\xampp2\htdocs\contratos\app\Views\cadastrar_contrato_view.php(56): CodeIgniter\Debug\Exceptions->errorHandler(2, 'Undefined varia...', 'C:\\xampp2\\htdoc...', 56)
#1 C:\xampp2\htdocs\contratos\system\View\View.php(210): include('C:\\xampp2\\htdoc...')
#2 C:\xampp2\htdocs\contratos\system\View\View.php(213): CodeIgniter\View\View->CodeIgniter\View\{closure}()
#3 C:\xampp2\htdocs\contratos\system\Common.php(1089): CodeIgniter\View\View->render('cadastrar_contr...', Array, true)
#4 C:\xampp2\htdocs\contratos\app\Controllers\Home.php(15): view('cadastrar_contr...')
#5 C:\xampp2\htdocs\contratos\system\CodeIgniter.php(825): App\Controllers\Home->cadastrar_contrato()
#6 C:\xampp2\htdocs\contratos\system\CodeIgniter.php(412): CodeIgniter\CodeIgniter->runController(Object(App\Controllers\Home))
#7 C:\xampp2\htdocs\contratos\system\CodeIgniter.php(320): CodeIgniter\CodeIgniter->handleRequest(NULL, Object(Config\Cache), false)
#8 C:\xampp2\htdocs\contratos\public\index.php(37): CodeIgniter\CodeIgniter->run()
#9 {main}
CRITICAL - 2022-02-05 17:39:37 --> Attempt to read property "dados" on array
#0 C:\xampp2\htdocs\contratos\app\Controllers\ContratoController.php(9): CodeIgniter\Debug\Exceptions->errorHandler(2, 'Attempt to read...', 'C:\\xampp2\\htdoc...', 9)
#1 C:\xampp2\htdocs\contratos\system\CodeIgniter.php(825): App\Controllers\ContratoController->salvar()
#2 C:\xampp2\htdocs\contratos\system\CodeIgniter.php(412): CodeIgniter\CodeIgniter->runController(Object(App\Controllers\ContratoController))
#3 C:\xampp2\htdocs\contratos\system\CodeIgniter.php(320): CodeIgniter\CodeIgniter->handleRequest(NULL, Object(Config\Cache), false)
#4 C:\xampp2\htdocs\contratos\public\index.php(37): CodeIgniter\CodeIgniter->run()
#5 {main}
