CRITICAL - 2022-03-03 13:27:03 --> file_get_contents(http://localhost:8080/api/contrato): Failed to open stream: Nenhuma conexão pôde ser feita porque a máquina de destino as recusou ativamente
#0 [internal function]: CodeIgniter\Debug\Exceptions->errorHandler(2, 'file_get_conten...', 'C:\\xampp2\\htdoc...', 52)
#1 C:\xampp2\htdocs\contratos\app\Controllers\ContratoController.php(52): file_get_contents('http://localhos...')
#2 C:\xampp2\htdocs\contratos\system\CodeIgniter.php(825): App\Controllers\ContratoController->detalhe_contrato()
#3 C:\xampp2\htdocs\contratos\system\CodeIgniter.php(412): CodeIgniter\CodeIgniter->runController(Object(App\Controllers\ContratoController))
#4 C:\xampp2\htdocs\contratos\system\CodeIgniter.php(320): CodeIgniter\CodeIgniter->handleRequest(NULL, Object(Config\Cache), false)
#5 C:\xampp2\htdocs\contratos\public\index.php(37): CodeIgniter\CodeIgniter->run()
#6 {main}
CRITICAL - 2022-03-03 13:27:26 --> Undefined array key "cod_contrato"
#0 C:\xampp2\htdocs\contratos\app\Views\detalhe_contrato_view.php(64): CodeIgniter\Debug\Exceptions->errorHandler(2, 'Undefined array...', 'C:\\xampp2\\htdoc...', 64)
#1 C:\xampp2\htdocs\contratos\system\View\View.php(210): include('C:\\xampp2\\htdoc...')
#2 C:\xampp2\htdocs\contratos\system\View\View.php(213): CodeIgniter\View\View->CodeIgniter\View\{closure}()
#3 C:\xampp2\htdocs\contratos\system\Common.php(1089): CodeIgniter\View\View->render('detalhe_contrat...', Array, true)
#4 C:\xampp2\htdocs\contratos\app\Controllers\ContratoController.php(66): view('detalhe_contrat...', Array)
#5 C:\xampp2\htdocs\contratos\system\CodeIgniter.php(825): App\Controllers\ContratoController->detalhe_contrato()
#6 C:\xampp2\htdocs\contratos\system\CodeIgniter.php(412): CodeIgniter\CodeIgniter->runController(Object(App\Controllers\ContratoController))
#7 C:\xampp2\htdocs\contratos\system\CodeIgniter.php(320): CodeIgniter\CodeIgniter->handleRequest(NULL, Object(Config\Cache), false)
#8 C:\xampp2\htdocs\contratos\public\index.php(37): CodeIgniter\CodeIgniter->run()
#9 {main}
CRITICAL - 2022-03-03 13:27:36 --> Undefined array key "cod_contrato"
#0 C:\xampp2\htdocs\contratos\app\Views\detalhe_contrato_view.php(64): CodeIgniter\Debug\Exceptions->errorHandler(2, 'Undefined array...', 'C:\\xampp2\\htdoc...', 64)
#1 C:\xampp2\htdocs\contratos\system\View\View.php(210): include('C:\\xampp2\\htdoc...')
#2 C:\xampp2\htdocs\contratos\system\View\View.php(213): CodeIgniter\View\View->CodeIgniter\View\{closure}()
#3 C:\xampp2\htdocs\contratos\system\Common.php(1089): CodeIgniter\View\View->render('detalhe_contrat...', Array, true)
#4 C:\xampp2\htdocs\contratos\app\Controllers\ContratoController.php(66): view('detalhe_contrat...', Array)
#5 C:\xampp2\htdocs\contratos\system\CodeIgniter.php(825): App\Controllers\ContratoController->detalhe_contrato()
#6 C:\xampp2\htdocs\contratos\system\CodeIgniter.php(412): CodeIgniter\CodeIgniter->runController(Object(App\Controllers\ContratoController))
#7 C:\xampp2\htdocs\contratos\system\CodeIgniter.php(320): CodeIgniter\CodeIgniter->handleRequest(NULL, Object(Config\Cache), false)
#8 C:\xampp2\htdocs\contratos\public\index.php(37): CodeIgniter\CodeIgniter->run()
#9 {main}
CRITICAL - 2022-03-03 13:28:24 --> Undefined array key "cod_contrato"
#0 C:\xampp2\htdocs\contratos\app\Views\busca_contrato_view.php(206): CodeIgniter\Debug\Exceptions->errorHandler(2, 'Undefined array...', 'C:\\xampp2\\htdoc...', 206)
#1 C:\xampp2\htdocs\contratos\system\View\View.php(210): include('C:\\xampp2\\htdoc...')
#2 C:\xampp2\htdocs\contratos\system\View\View.php(213): CodeIgniter\View\View->CodeIgniter\View\{closure}()
#3 C:\xampp2\htdocs\contratos\system\Common.php(1089): CodeIgniter\View\View->render('busca_contrato_...', Array, true)
#4 C:\xampp2\htdocs\contratos\app\Controllers\ContratoController.php(120): view('busca_contrato_...', Array)
#5 C:\xampp2\htdocs\contratos\system\CodeIgniter.php(825): App\Controllers\ContratoController->buscar_contrato()
#6 C:\xampp2\htdocs\contratos\system\CodeIgniter.php(412): CodeIgniter\CodeIgniter->runController(Object(App\Controllers\ContratoController))
#7 C:\xampp2\htdocs\contratos\system\CodeIgniter.php(320): CodeIgniter\CodeIgniter->handleRequest(NULL, Object(Config\Cache), false)
#8 C:\xampp2\htdocs\contratos\public\index.php(37): CodeIgniter\CodeIgniter->run()
#9 {main}
CRITICAL - 2022-03-03 13:29:51 --> Undefined array key "cod_contrato"
#0 C:\xampp2\htdocs\contratos\app\Views\detalhe_contrato_view.php(64): CodeIgniter\Debug\Exceptions->errorHandler(2, 'Undefined array...', 'C:\\xampp2\\htdoc...', 64)
#1 C:\xampp2\htdocs\contratos\system\View\View.php(210): include('C:\\xampp2\\htdoc...')
#2 C:\xampp2\htdocs\contratos\system\View\View.php(213): CodeIgniter\View\View->CodeIgniter\View\{closure}()
#3 C:\xampp2\htdocs\contratos\system\Common.php(1089): CodeIgniter\View\View->render('detalhe_contrat...', Array, true)
#4 C:\xampp2\htdocs\contratos\app\Controllers\ContratoController.php(66): view('detalhe_contrat...', Array)
#5 C:\xampp2\htdocs\contratos\system\CodeIgniter.php(825): App\Controllers\ContratoController->detalhe_contrato()
#6 C:\xampp2\htdocs\contratos\system\CodeIgniter.php(412): CodeIgniter\CodeIgniter->runController(Object(App\Controllers\ContratoController))
#7 C:\xampp2\htdocs\contratos\system\CodeIgniter.php(320): CodeIgniter\CodeIgniter->handleRequest(NULL, Object(Config\Cache), false)
#8 C:\xampp2\htdocs\contratos\public\index.php(37): CodeIgniter\CodeIgniter->run()
#9 {main}
