CRITICAL - 2022-02-24 13:11:50 --> Undefined array key "prazo_final"
#0 C:\xampp2\htdocs\contratos\app\Controllers\ContratoController.php(54): CodeIgniter\Debug\Exceptions->errorHandler(2, 'Undefined array...', 'C:\\xampp2\\htdoc...', 54)
#1 C:\xampp2\htdocs\contratos\system\CodeIgniter.php(825): App\Controllers\ContratoController->detalhe_contrato()
#2 C:\xampp2\htdocs\contratos\system\CodeIgniter.php(412): CodeIgniter\CodeIgniter->runController(Object(App\Controllers\ContratoController))
#3 C:\xampp2\htdocs\contratos\system\CodeIgniter.php(320): CodeIgniter\CodeIgniter->handleRequest(NULL, Object(Config\Cache), false)
#4 C:\xampp2\htdocs\contratos\public\index.php(37): CodeIgniter\CodeIgniter->run()
#5 {main}
CRITICAL - 2022-02-24 13:13:35 --> Undefined variable $cont
#0 C:\xampp2\htdocs\contratos\app\Views\detalhe_contrato_view.php(58): CodeIgniter\Debug\Exceptions->errorHandler(2, 'Undefined varia...', 'C:\\xampp2\\htdoc...', 58)
#1 C:\xampp2\htdocs\contratos\system\View\View.php(210): include('C:\\xampp2\\htdoc...')
#2 C:\xampp2\htdocs\contratos\system\View\View.php(213): CodeIgniter\View\View->CodeIgniter\View\{closure}()
#3 C:\xampp2\htdocs\contratos\system\Common.php(1089): CodeIgniter\View\View->render('detalhe_contrat...', Array, true)
#4 C:\xampp2\htdocs\contratos\app\Controllers\ContratoController.php(56): view('detalhe_contrat...', Array)
#5 C:\xampp2\htdocs\contratos\system\CodeIgniter.php(825): App\Controllers\ContratoController->detalhe_contrato()
#6 C:\xampp2\htdocs\contratos\system\CodeIgniter.php(412): CodeIgniter\CodeIgniter->runController(Object(App\Controllers\ContratoController))
#7 C:\xampp2\htdocs\contratos\system\CodeIgniter.php(320): CodeIgniter\CodeIgniter->handleRequest(NULL, Object(Config\Cache), false)
#8 C:\xampp2\htdocs\contratos\public\index.php(37): CodeIgniter\CodeIgniter->run()
#9 {main}
CRITICAL - 2022-02-24 13:14:27 --> Undefined array key 0
#0 C:\xampp2\htdocs\contratos\app\Controllers\ContratoController.php(54): CodeIgniter\Debug\Exceptions->errorHandler(2, 'Undefined array...', 'C:\\xampp2\\htdoc...', 54)
#1 C:\xampp2\htdocs\contratos\system\CodeIgniter.php(825): App\Controllers\ContratoController->detalhe_contrato()
#2 C:\xampp2\htdocs\contratos\system\CodeIgniter.php(412): CodeIgniter\CodeIgniter->runController(Object(App\Controllers\ContratoController))
#3 C:\xampp2\htdocs\contratos\system\CodeIgniter.php(320): CodeIgniter\CodeIgniter->handleRequest(NULL, Object(Config\Cache), false)
#4 C:\xampp2\htdocs\contratos\public\index.php(37): CodeIgniter\CodeIgniter->run()
#5 {main}
CRITICAL - 2022-02-24 13:14:51 --> Undefined array key "prazo_final"
#0 C:\xampp2\htdocs\contratos\app\Controllers\ContratoController.php(54): CodeIgniter\Debug\Exceptions->errorHandler(2, 'Undefined array...', 'C:\\xampp2\\htdoc...', 54)
#1 C:\xampp2\htdocs\contratos\system\CodeIgniter.php(825): App\Controllers\ContratoController->detalhe_contrato()
#2 C:\xampp2\htdocs\contratos\system\CodeIgniter.php(412): CodeIgniter\CodeIgniter->runController(Object(App\Controllers\ContratoController))
#3 C:\xampp2\htdocs\contratos\system\CodeIgniter.php(320): CodeIgniter\CodeIgniter->handleRequest(NULL, Object(Config\Cache), false)
#4 C:\xampp2\htdocs\contratos\public\index.php(37): CodeIgniter\CodeIgniter->run()
#5 {main}
CRITICAL - 2022-02-24 13:23:16 --> Undefined array key "inf"
#0 C:\xampp2\htdocs\contratos\app\Controllers\ContratoController.php(53): CodeIgniter\Debug\Exceptions->errorHandler(2, 'Undefined array...', 'C:\\xampp2\\htdoc...', 53)
#1 C:\xampp2\htdocs\contratos\system\CodeIgniter.php(825): App\Controllers\ContratoController->detalhe_contrato()
#2 C:\xampp2\htdocs\contratos\system\CodeIgniter.php(412): CodeIgniter\CodeIgniter->runController(Object(App\Controllers\ContratoController))
#3 C:\xampp2\htdocs\contratos\system\CodeIgniter.php(320): CodeIgniter\CodeIgniter->handleRequest(NULL, Object(Config\Cache), false)
#4 C:\xampp2\htdocs\contratos\public\index.php(37): CodeIgniter\CodeIgniter->run()
#5 {main}
CRITICAL - 2022-02-24 13:44:06 --> Undefined array key 1
#0 C:\xampp2\htdocs\contratos\app\Controllers\ContratoController.php(64): CodeIgniter\Debug\Exceptions->errorHandler(2, 'Undefined array...', 'C:\\xampp2\\htdoc...', 64)
#1 C:\xampp2\htdocs\contratos\system\CodeIgniter.php(825): App\Controllers\ContratoController->detalhe_contrato()
#2 C:\xampp2\htdocs\contratos\system\CodeIgniter.php(412): CodeIgniter\CodeIgniter->runController(Object(App\Controllers\ContratoController))
#3 C:\xampp2\htdocs\contratos\system\CodeIgniter.php(320): CodeIgniter\CodeIgniter->handleRequest(NULL, Object(Config\Cache), false)
#4 C:\xampp2\htdocs\contratos\public\index.php(37): CodeIgniter\CodeIgniter->run()
#5 {main}
CRITICAL - 2022-02-24 13:44:29 --> Undefined array key "valor_total"
#0 C:\xampp2\htdocs\contratos\app\Controllers\ContratoController.php(64): CodeIgniter\Debug\Exceptions->errorHandler(2, 'Undefined array...', 'C:\\xampp2\\htdoc...', 64)
#1 C:\xampp2\htdocs\contratos\system\CodeIgniter.php(825): App\Controllers\ContratoController->detalhe_contrato()
#2 C:\xampp2\htdocs\contratos\system\CodeIgniter.php(412): CodeIgniter\CodeIgniter->runController(Object(App\Controllers\ContratoController))
#3 C:\xampp2\htdocs\contratos\system\CodeIgniter.php(320): CodeIgniter\CodeIgniter->handleRequest(NULL, Object(Config\Cache), false)
#4 C:\xampp2\htdocs\contratos\public\index.php(37): CodeIgniter\CodeIgniter->run()
#5 {main}
