CRITICAL - 2022-02-25 09:04:18 --> Undefined variable $totalTime
#0 C:\xampp2\htdocs\contratos\system\Debug\Toolbar\Views\toolbar.tpl.php(40): CodeIgniter\Debug\Exceptions->errorHandler(2, 'Undefined varia...', 'C:\\xampp2\\htdoc...', 40)
#1 C:\xampp2\htdocs\contratos\system\Debug\Toolbar.php(501): include('C:\\xampp2\\htdoc...')
#2 C:\xampp2\htdocs\contratos\system\Debug\Toolbar.php(464): CodeIgniter\Debug\Toolbar->format(Array, 'html')
#3 C:\xampp2\htdocs\contratos\app\Config\Events.php(48): CodeIgniter\Debug\Toolbar->respond()
#4 C:\xampp2\htdocs\contratos\system\Events\Events.php(149): CodeIgniter\Events\Events::Config\{closure}()
#5 C:\xampp2\htdocs\contratos\system\CodeIgniter.php(302): CodeIgniter\Events\Events::trigger('pre_system')
#6 C:\xampp2\htdocs\contratos\public\index.php(37): CodeIgniter\CodeIgniter->run()
#7 {main}
CRITICAL - 2022-02-25 09:49:00 --> file_get_contents(http://localhost:8080/api/contrato): Failed to open stream: Nenhuma conexão pôde ser feita porque a máquina de destino as recusou ativamente
#0 [internal function]: CodeIgniter\Debug\Exceptions->errorHandler(2, 'file_get_conten...', 'C:\\xampp2\\htdoc...', 52)
#1 C:\xampp2\htdocs\contratos\app\Controllers\ContratoController.php(52): file_get_contents('http://localhos...')
#2 C:\xampp2\htdocs\contratos\system\CodeIgniter.php(825): App\Controllers\ContratoController->detalhe_contrato()
#3 C:\xampp2\htdocs\contratos\system\CodeIgniter.php(412): CodeIgniter\CodeIgniter->runController(Object(App\Controllers\ContratoController))
#4 C:\xampp2\htdocs\contratos\system\CodeIgniter.php(320): CodeIgniter\CodeIgniter->handleRequest(NULL, Object(Config\Cache), false)
#5 C:\xampp2\htdocs\contratos\public\index.php(37): CodeIgniter\CodeIgniter->run()
#6 {main}
CRITICAL - 2022-02-25 09:49:17 --> file_get_contents(http://localhost:8080/api/contrato): Failed to open stream: Nenhuma conexão pôde ser feita porque a máquina de destino as recusou ativamente
#0 [internal function]: CodeIgniter\Debug\Exceptions->errorHandler(2, 'file_get_conten...', 'C:\\xampp2\\htdoc...', 140)
#1 C:\xampp2\htdocs\contratos\app\Controllers\ContratoController.php(140): file_get_contents('http://localhos...')
#2 C:\xampp2\htdocs\contratos\system\CodeIgniter.php(825): App\Controllers\ContratoController->buscar_contrato()
#3 C:\xampp2\htdocs\contratos\system\CodeIgniter.php(412): CodeIgniter\CodeIgniter->runController(Object(App\Controllers\ContratoController))
#4 C:\xampp2\htdocs\contratos\system\CodeIgniter.php(320): CodeIgniter\CodeIgniter->handleRequest(NULL, Object(Config\Cache), false)
#5 C:\xampp2\htdocs\contratos\public\index.php(37): CodeIgniter\CodeIgniter->run()
#6 {main}
CRITICAL - 2022-02-25 10:01:04 --> Undefined array key "cont"
#0 C:\xampp2\htdocs\contratos\app\Controllers\ContratoController.php(112): CodeIgniter\Debug\Exceptions->errorHandler(2, 'Undefined array...', 'C:\\xampp2\\htdoc...', 112)
#1 C:\xampp2\htdocs\contratos\system\CodeIgniter.php(825): App\Controllers\ContratoController->buscar_contrato()
#2 C:\xampp2\htdocs\contratos\system\CodeIgniter.php(412): CodeIgniter\CodeIgniter->runController(Object(App\Controllers\ContratoController))
#3 C:\xampp2\htdocs\contratos\system\CodeIgniter.php(320): CodeIgniter\CodeIgniter->handleRequest(NULL, Object(Config\Cache), false)
#4 C:\xampp2\htdocs\contratos\public\index.php(37): CodeIgniter\CodeIgniter->run()
#5 {main}
CRITICAL - 2022-02-25 10:02:42 --> Undefined array key "inf"
#0 C:\xampp2\htdocs\contratos\app\Controllers\ContratoController.php(112): CodeIgniter\Debug\Exceptions->errorHandler(2, 'Undefined array...', 'C:\\xampp2\\htdoc...', 112)
#1 C:\xampp2\htdocs\contratos\system\CodeIgniter.php(825): App\Controllers\ContratoController->buscar_contrato()
#2 C:\xampp2\htdocs\contratos\system\CodeIgniter.php(412): CodeIgniter\CodeIgniter->runController(Object(App\Controllers\ContratoController))
#3 C:\xampp2\htdocs\contratos\system\CodeIgniter.php(320): CodeIgniter\CodeIgniter->handleRequest(NULL, Object(Config\Cache), false)
#4 C:\xampp2\htdocs\contratos\public\index.php(37): CodeIgniter\CodeIgniter->run()
#5 {main}
CRITICAL - 2022-02-25 12:46:16 --> file_get_contents(http://localhost:8080/api/contrato): Failed to open stream: Nenhuma conexão pôde ser feita porque a máquina de destino as recusou ativamente
#0 [internal function]: CodeIgniter\Debug\Exceptions->errorHandler(2, 'file_get_conten...', 'C:\\xampp2\\htdoc...', 138)
#1 C:\xampp2\htdocs\contratos\app\Controllers\ContratoController.php(138): file_get_contents('http://localhos...')
#2 C:\xampp2\htdocs\contratos\system\CodeIgniter.php(825): App\Controllers\ContratoController->buscar_contrato()
#3 C:\xampp2\htdocs\contratos\system\CodeIgniter.php(412): CodeIgniter\CodeIgniter->runController(Object(App\Controllers\ContratoController))
#4 C:\xampp2\htdocs\contratos\system\CodeIgniter.php(320): CodeIgniter\CodeIgniter->handleRequest(NULL, Object(Config\Cache), false)
#5 C:\xampp2\htdocs\contratos\public\index.php(37): CodeIgniter\CodeIgniter->run()
#6 {main}
CRITICAL - 2022-02-25 13:11:03 --> Array to string conversion
#0 C:\xampp2\htdocs\contratos\app\Controllers\ContratoController.php(57): CodeIgniter\Debug\Exceptions->errorHandler(2, 'Array to string...', 'C:\\xampp2\\htdoc...', 57)
#1 C:\xampp2\htdocs\contratos\system\CodeIgniter.php(825): App\Controllers\ContratoController->detalhe_contrato()
#2 C:\xampp2\htdocs\contratos\system\CodeIgniter.php(412): CodeIgniter\CodeIgniter->runController(Object(App\Controllers\ContratoController))
#3 C:\xampp2\htdocs\contratos\system\CodeIgniter.php(320): CodeIgniter\CodeIgniter->handleRequest(NULL, Object(Config\Cache), false)
#4 C:\xampp2\htdocs\contratos\public\index.php(37): CodeIgniter\CodeIgniter->run()
#5 {main}
CRITICAL - 2022-02-25 14:28:58 --> file_get_contents(http://localhost:8080/api/contrato): Failed to open stream: Nenhuma conexão pôde ser feita porque a máquina de destino as recusou ativamente
#0 [internal function]: CodeIgniter\Debug\Exceptions->errorHandler(2, 'file_get_conten...', 'C:\\xampp2\\htdoc...', 52)
#1 C:\xampp2\htdocs\contratos\app\Controllers\ContratoController.php(52): file_get_contents('http://localhos...')
#2 C:\xampp2\htdocs\contratos\system\CodeIgniter.php(825): App\Controllers\ContratoController->detalhe_contrato()
#3 C:\xampp2\htdocs\contratos\system\CodeIgniter.php(412): CodeIgniter\CodeIgniter->runController(Object(App\Controllers\ContratoController))
#4 C:\xampp2\htdocs\contratos\system\CodeIgniter.php(320): CodeIgniter\CodeIgniter->handleRequest(NULL, Object(Config\Cache), false)
#5 C:\xampp2\htdocs\contratos\public\index.php(37): CodeIgniter\CodeIgniter->run()
#6 {main}
