CRITICAL - 2022-03-25 13:11:32 --> file_get_contents(https://contratos-1.herokuapp.com/api/pagamento): Failed to open stream: HTTP request failed! HTTP/1.1 401 

#0 [internal function]: CodeIgniter\Debug\Exceptions->errorHandler(2, 'file_get_conten...', 'C:\\xampp2\\htdoc...', 24)
#1 C:\xampp2\htdocs\contratos\app\Controllers\Home.php(24): file_get_contents('https://contrat...')
#2 C:\xampp2\htdocs\contratos\system\CodeIgniter.php(825): App\Controllers\Home->pagina_inicial()
#3 C:\xampp2\htdocs\contratos\system\CodeIgniter.php(412): CodeIgniter\CodeIgniter->runController(Object(App\Controllers\Home))
#4 C:\xampp2\htdocs\contratos\system\CodeIgniter.php(320): CodeIgniter\CodeIgniter->handleRequest(NULL, Object(Config\Cache), false)
#5 C:\xampp2\htdocs\contratos\public\index.php(37): CodeIgniter\CodeIgniter->run()
#6 {main}
CRITICAL - 2022-03-25 13:12:39 --> file_get_contents(https://contratos-1.herokuapp.com/api/pagamento): Failed to open stream: HTTP request failed! HTTP/1.1 401 

#0 [internal function]: CodeIgniter\Debug\Exceptions->errorHandler(2, 'file_get_conten...', 'C:\\xampp2\\htdoc...', 24)
#1 C:\xampp2\htdocs\contratos\app\Controllers\Home.php(24): file_get_contents('https://contrat...')
#2 C:\xampp2\htdocs\contratos\system\CodeIgniter.php(825): App\Controllers\Home->pagina_inicial()
#3 C:\xampp2\htdocs\contratos\system\CodeIgniter.php(412): CodeIgniter\CodeIgniter->runController(Object(App\Controllers\Home))
#4 C:\xampp2\htdocs\contratos\system\CodeIgniter.php(320): CodeIgniter\CodeIgniter->handleRequest(NULL, Object(Config\Cache), false)
#5 C:\xampp2\htdocs\contratos\public\index.php(37): CodeIgniter\CodeIgniter->run()
#6 {main}
CRITICAL - 2022-03-25 13:14:08 --> file_get_contents(https://contratos-1.herokuapp.com/api/pagamento): Failed to open stream: HTTP request failed! HTTP/1.1 401 

#0 [internal function]: CodeIgniter\Debug\Exceptions->errorHandler(2, 'file_get_conten...', 'C:\\xampp2\\htdoc...', 24)
#1 C:\xampp2\htdocs\contratos\app\Controllers\Home.php(24): file_get_contents('https://contrat...')
#2 C:\xampp2\htdocs\contratos\system\CodeIgniter.php(825): App\Controllers\Home->pagina_inicial()
#3 C:\xampp2\htdocs\contratos\system\CodeIgniter.php(412): CodeIgniter\CodeIgniter->runController(Object(App\Controllers\Home))
#4 C:\xampp2\htdocs\contratos\system\CodeIgniter.php(320): CodeIgniter\CodeIgniter->handleRequest(NULL, Object(Config\Cache), false)
#5 C:\xampp2\htdocs\contratos\public\index.php(37): CodeIgniter\CodeIgniter->run()
#6 {main}
CRITICAL - 2022-03-25 13:15:04 --> file_get_contents(https://contratos-1.herokuapp.com/api/pagamento): Failed to open stream: HTTP request failed! HTTP/1.1 401 

#0 [internal function]: CodeIgniter\Debug\Exceptions->errorHandler(2, 'file_get_conten...', 'C:\\xampp2\\htdoc...', 24)
#1 C:\xampp2\htdocs\contratos\app\Controllers\Home.php(24): file_get_contents('https://contrat...')
#2 C:\xampp2\htdocs\contratos\system\CodeIgniter.php(825): App\Controllers\Home->pagina_inicial()
#3 C:\xampp2\htdocs\contratos\system\CodeIgniter.php(412): CodeIgniter\CodeIgniter->runController(Object(App\Controllers\Home))
#4 C:\xampp2\htdocs\contratos\system\CodeIgniter.php(320): CodeIgniter\CodeIgniter->handleRequest(NULL, Object(Config\Cache), false)
#5 C:\xampp2\htdocs\contratos\public\index.php(37): CodeIgniter\CodeIgniter->run()
#6 {main}
CRITICAL - 2022-03-25 13:15:09 --> file_get_contents(https://contratos-1.herokuapp.com/api/pagamento): Failed to open stream: HTTP request failed! HTTP/1.1 401 

#0 [internal function]: CodeIgniter\Debug\Exceptions->errorHandler(2, 'file_get_conten...', 'C:\\xampp2\\htdoc...', 24)
#1 C:\xampp2\htdocs\contratos\app\Controllers\Home.php(24): file_get_contents('https://contrat...')
#2 C:\xampp2\htdocs\contratos\system\CodeIgniter.php(825): App\Controllers\Home->pagina_inicial()
#3 C:\xampp2\htdocs\contratos\system\CodeIgniter.php(412): CodeIgniter\CodeIgniter->runController(Object(App\Controllers\Home))
#4 C:\xampp2\htdocs\contratos\system\CodeIgniter.php(320): CodeIgniter\CodeIgniter->handleRequest(NULL, Object(Config\Cache), false)
#5 C:\xampp2\htdocs\contratos\public\index.php(37): CodeIgniter\CodeIgniter->run()
#6 {main}
CRITICAL - 2022-03-25 13:24:12 --> file_get_contents(https://contratos-1.herokuapp.com/api/pagamento): Failed to open stream: HTTP request failed! HTTP/1.1 401 

#0 [internal function]: CodeIgniter\Debug\Exceptions->errorHandler(2, 'file_get_conten...', 'C:\\xampp2\\htdoc...', 24)
#1 C:\xampp2\htdocs\contratos\app\Controllers\Home.php(24): file_get_contents('https://contrat...')
#2 C:\xampp2\htdocs\contratos\system\CodeIgniter.php(825): App\Controllers\Home->pagina_inicial()
#3 C:\xampp2\htdocs\contratos\system\CodeIgniter.php(412): CodeIgniter\CodeIgniter->runController(Object(App\Controllers\Home))
#4 C:\xampp2\htdocs\contratos\system\CodeIgniter.php(320): CodeIgniter\CodeIgniter->handleRequest(NULL, Object(Config\Cache), false)
#5 C:\xampp2\htdocs\contratos\public\index.php(37): CodeIgniter\CodeIgniter->run()
#6 {main}
