CRITICAL - 2022-03-15 06:40:30 --> Call to a member function paginate() on array
#0 C:\xampp2\htdocs\contratos\system\CodeIgniter.php(825): App\Controllers\Home->pagina_inicial()
#1 C:\xampp2\htdocs\contratos\system\CodeIgniter.php(412): CodeIgniter\CodeIgniter->runController(Object(App\Controllers\Home))
#2 C:\xampp2\htdocs\contratos\system\CodeIgniter.php(320): CodeIgniter\CodeIgniter->handleRequest(NULL, Object(Config\Cache), false)
#3 C:\xampp2\htdocs\contratos\public\index.php(37): CodeIgniter\CodeIgniter->run()
#4 {main}
CRITICAL - 2022-03-15 06:46:49 --> Array to string conversion
#0 C:\xampp2\htdocs\contratos\app\Controllers\Home.php(27): CodeIgniter\Debug\Exceptions->errorHandler(2, 'Array to string...', 'C:\\xampp2\\htdoc...', 27)
#1 C:\xampp2\htdocs\contratos\system\CodeIgniter.php(825): App\Controllers\Home->pagina_inicial()
#2 C:\xampp2\htdocs\contratos\system\CodeIgniter.php(412): CodeIgniter\CodeIgniter->runController(Object(App\Controllers\Home))
#3 C:\xampp2\htdocs\contratos\system\CodeIgniter.php(320): CodeIgniter\CodeIgniter->handleRequest(NULL, Object(Config\Cache), false)
#4 C:\xampp2\htdocs\contratos\public\index.php(37): CodeIgniter\CodeIgniter->run()
#5 {main}
CRITICAL - 2022-03-15 06:48:11 --> Call to a member function paginate() on array
#0 C:\xampp2\htdocs\contratos\system\CodeIgniter.php(825): App\Controllers\Home->pagina_inicial()
#1 C:\xampp2\htdocs\contratos\system\CodeIgniter.php(412): CodeIgniter\CodeIgniter->runController(Object(App\Controllers\Home))
#2 C:\xampp2\htdocs\contratos\system\CodeIgniter.php(320): CodeIgniter\CodeIgniter->handleRequest(NULL, Object(Config\Cache), false)
#3 C:\xampp2\htdocs\contratos\public\index.php(37): CodeIgniter\CodeIgniter->run()
#4 {main}
CRITICAL - 2022-03-15 07:44:42 --> file_get_contents(http://localhost:8080/api/pagamento): Failed to open stream: Nenhuma conexão pôde ser feita porque a máquina de destino as recusou ativamente
#0 [internal function]: CodeIgniter\Debug\Exceptions->errorHandler(2, 'file_get_conten...', 'C:\\xampp2\\htdoc...', 26)
#1 C:\xampp2\htdocs\contratos\app\Controllers\Home.php(26): file_get_contents('http://localhos...')
#2 C:\xampp2\htdocs\contratos\system\CodeIgniter.php(825): App\Controllers\Home->pagina_inicial()
#3 C:\xampp2\htdocs\contratos\system\CodeIgniter.php(412): CodeIgniter\CodeIgniter->runController(Object(App\Controllers\Home))
#4 C:\xampp2\htdocs\contratos\system\CodeIgniter.php(320): CodeIgniter\CodeIgniter->handleRequest(NULL, Object(Config\Cache), false)
#5 C:\xampp2\htdocs\contratos\public\index.php(37): CodeIgniter\CodeIgniter->run()
#6 {main}
CRITICAL - 2022-03-15 07:45:54 --> Call to a member function paginate() on array
#0 C:\xampp2\htdocs\contratos\system\CodeIgniter.php(825): App\Controllers\Home->pagina_inicial()
#1 C:\xampp2\htdocs\contratos\system\CodeIgniter.php(412): CodeIgniter\CodeIgniter->runController(Object(App\Controllers\Home))
#2 C:\xampp2\htdocs\contratos\system\CodeIgniter.php(320): CodeIgniter\CodeIgniter->handleRequest(NULL, Object(Config\Cache), false)
#3 C:\xampp2\htdocs\contratos\public\index.php(37): CodeIgniter\CodeIgniter->run()
#4 {main}
CRITICAL - 2022-03-15 08:18:53 --> Call to a member function paginate() on array
#0 C:\xampp2\htdocs\contratos\system\CodeIgniter.php(825): App\Controllers\Home->pagina_inicial()
#1 C:\xampp2\htdocs\contratos\system\CodeIgniter.php(412): CodeIgniter\CodeIgniter->runController(Object(App\Controllers\Home))
#2 C:\xampp2\htdocs\contratos\system\CodeIgniter.php(320): CodeIgniter\CodeIgniter->handleRequest(NULL, Object(Config\Cache), false)
#3 C:\xampp2\htdocs\contratos\public\index.php(37): CodeIgniter\CodeIgniter->run()
#4 {main}
CRITICAL - 2022-03-15 08:26:14 --> Call to a member function paginate() on array
#0 C:\xampp2\htdocs\contratos\system\CodeIgniter.php(825): App\Controllers\Home->pagina_inicial()
#1 C:\xampp2\htdocs\contratos\system\CodeIgniter.php(412): CodeIgniter\CodeIgniter->runController(Object(App\Controllers\Home))
#2 C:\xampp2\htdocs\contratos\system\CodeIgniter.php(320): CodeIgniter\CodeIgniter->handleRequest(NULL, Object(Config\Cache), false)
#3 C:\xampp2\htdocs\contratos\public\index.php(37): CodeIgniter\CodeIgniter->run()
#4 {main}
CRITICAL - 2022-03-15 08:26:28 --> Call to a member function paginate() on array
#0 C:\xampp2\htdocs\contratos\system\CodeIgniter.php(825): App\Controllers\Home->pagina_inicial()
#1 C:\xampp2\htdocs\contratos\system\CodeIgniter.php(412): CodeIgniter\CodeIgniter->runController(Object(App\Controllers\Home))
#2 C:\xampp2\htdocs\contratos\system\CodeIgniter.php(320): CodeIgniter\CodeIgniter->handleRequest(NULL, Object(Config\Cache), false)
#3 C:\xampp2\htdocs\contratos\public\index.php(37): CodeIgniter\CodeIgniter->run()
#4 {main}
CRITICAL - 2022-03-15 08:26:42 --> Call to a member function paginate() on array
#0 C:\xampp2\htdocs\contratos\system\CodeIgniter.php(825): App\Controllers\Home->pagina_inicial()
#1 C:\xampp2\htdocs\contratos\system\CodeIgniter.php(412): CodeIgniter\CodeIgniter->runController(Object(App\Controllers\Home))
#2 C:\xampp2\htdocs\contratos\system\CodeIgniter.php(320): CodeIgniter\CodeIgniter->handleRequest(NULL, Object(Config\Cache), false)
#3 C:\xampp2\htdocs\contratos\public\index.php(37): CodeIgniter\CodeIgniter->run()
#4 {main}
CRITICAL - 2022-03-15 12:01:52 --> Call to a member function paginate() on array
#0 C:\xampp2\htdocs\contratos\system\CodeIgniter.php(825): App\Controllers\Home->pagina_inicial()
#1 C:\xampp2\htdocs\contratos\system\CodeIgniter.php(412): CodeIgniter\CodeIgniter->runController(Object(App\Controllers\Home))
#2 C:\xampp2\htdocs\contratos\system\CodeIgniter.php(320): CodeIgniter\CodeIgniter->handleRequest(NULL, Object(Config\Cache), false)
#3 C:\xampp2\htdocs\contratos\public\index.php(37): CodeIgniter\CodeIgniter->run()
#4 {main}
CRITICAL - 2022-03-15 13:04:35 --> file_get_contents(http://localhost:8080/api/contrato): Failed to open stream: Nenhuma conexão pôde ser feita porque a máquina de destino as recusou ativamente
#0 [internal function]: CodeIgniter\Debug\Exceptions->errorHandler(2, 'file_get_conten...', 'C:\\xampp2\\htdoc...', 120)
#1 C:\xampp2\htdocs\contratos\app\Controllers\ContratoController.php(120): file_get_contents('http://localhos...')
#2 C:\xampp2\htdocs\contratos\system\CodeIgniter.php(825): App\Controllers\ContratoController->buscar_contrato()
#3 C:\xampp2\htdocs\contratos\system\CodeIgniter.php(412): CodeIgniter\CodeIgniter->runController(Object(App\Controllers\ContratoController))
#4 C:\xampp2\htdocs\contratos\system\CodeIgniter.php(320): CodeIgniter\CodeIgniter->handleRequest(NULL, Object(Config\Cache), false)
#5 C:\xampp2\htdocs\contratos\public\index.php(37): CodeIgniter\CodeIgniter->run()
#6 {main}
CRITICAL - 2022-03-15 13:37:24 --> file_get_contents(http://localhost:8080/api/contrato): Failed to open stream: HTTP request failed! HTTP/1.1 401 

#0 [internal function]: CodeIgniter\Debug\Exceptions->errorHandler(2, 'file_get_conten...', 'C:\\xampp2\\htdoc...', 120)
#1 C:\xampp2\htdocs\contratos\app\Controllers\ContratoController.php(120): file_get_contents('http://localhos...')
#2 C:\xampp2\htdocs\contratos\system\CodeIgniter.php(825): App\Controllers\ContratoController->buscar_contrato()
#3 C:\xampp2\htdocs\contratos\system\CodeIgniter.php(412): CodeIgniter\CodeIgniter->runController(Object(App\Controllers\ContratoController))
#4 C:\xampp2\htdocs\contratos\system\CodeIgniter.php(320): CodeIgniter\CodeIgniter->handleRequest(NULL, Object(Config\Cache), false)
#5 C:\xampp2\htdocs\contratos\public\index.php(37): CodeIgniter\CodeIgniter->run()
#6 {main}
CRITICAL - 2022-03-15 13:37:45 --> file_get_contents(http://localhost:8080/api/pagamento): Failed to open stream: HTTP request failed! HTTP/1.1 401 

#0 [internal function]: CodeIgniter\Debug\Exceptions->errorHandler(2, 'file_get_conten...', 'C:\\xampp2\\htdoc...', 24)
#1 C:\xampp2\htdocs\contratos\app\Controllers\Home.php(24): file_get_contents('http://localhos...')
#2 C:\xampp2\htdocs\contratos\system\CodeIgniter.php(825): App\Controllers\Home->pagina_inicial()
#3 C:\xampp2\htdocs\contratos\system\CodeIgniter.php(412): CodeIgniter\CodeIgniter->runController(Object(App\Controllers\Home))
#4 C:\xampp2\htdocs\contratos\system\CodeIgniter.php(320): CodeIgniter\CodeIgniter->handleRequest(NULL, Object(Config\Cache), false)
#5 C:\xampp2\htdocs\contratos\public\index.php(37): CodeIgniter\CodeIgniter->run()
#6 {main}
CRITICAL - 2022-03-15 13:40:23 --> file_get_contents(http://localhost:8080/api/pagamento): Failed to open stream: HTTP request failed! HTTP/1.1 401 

#0 [internal function]: CodeIgniter\Debug\Exceptions->errorHandler(2, 'file_get_conten...', 'C:\\xampp2\\htdoc...', 24)
#1 C:\xampp2\htdocs\contratos\app\Controllers\Home.php(24): file_get_contents('http://localhos...')
#2 C:\xampp2\htdocs\contratos\system\CodeIgniter.php(825): App\Controllers\Home->pagina_inicial()
#3 C:\xampp2\htdocs\contratos\system\CodeIgniter.php(412): CodeIgniter\CodeIgniter->runController(Object(App\Controllers\Home))
#4 C:\xampp2\htdocs\contratos\system\CodeIgniter.php(320): CodeIgniter\CodeIgniter->handleRequest(NULL, Object(Config\Cache), false)
#5 C:\xampp2\htdocs\contratos\public\index.php(37): CodeIgniter\CodeIgniter->run()
#6 {main}
CRITICAL - 2022-03-15 13:41:03 --> file_get_contents(http://localhost:8080/api/pagamento): Failed to open stream: HTTP request failed! HTTP/1.1 401 

#0 [internal function]: CodeIgniter\Debug\Exceptions->errorHandler(2, 'file_get_conten...', 'C:\\xampp2\\htdoc...', 24)
#1 C:\xampp2\htdocs\contratos\app\Controllers\Home.php(24): file_get_contents('http://localhos...')
#2 C:\xampp2\htdocs\contratos\system\CodeIgniter.php(825): App\Controllers\Home->pagina_inicial()
#3 C:\xampp2\htdocs\contratos\system\CodeIgniter.php(412): CodeIgniter\CodeIgniter->runController(Object(App\Controllers\Home))
#4 C:\xampp2\htdocs\contratos\system\CodeIgniter.php(320): CodeIgniter\CodeIgniter->handleRequest(NULL, Object(Config\Cache), false)
#5 C:\xampp2\htdocs\contratos\public\index.php(37): CodeIgniter\CodeIgniter->run()
#6 {main}
CRITICAL - 2022-03-15 13:47:18 --> file_get_contents(http://localhost:8080/api/pagamento): Failed to open stream: HTTP request failed! HTTP/1.1 401 

#0 [internal function]: CodeIgniter\Debug\Exceptions->errorHandler(2, 'file_get_conten...', 'C:\\xampp2\\htdoc...', 24)
#1 C:\xampp2\htdocs\contratos\app\Controllers\Home.php(24): file_get_contents('http://localhos...')
#2 C:\xampp2\htdocs\contratos\system\CodeIgniter.php(825): App\Controllers\Home->pagina_inicial()
#3 C:\xampp2\htdocs\contratos\system\CodeIgniter.php(412): CodeIgniter\CodeIgniter->runController(Object(App\Controllers\Home))
#4 C:\xampp2\htdocs\contratos\system\CodeIgniter.php(320): CodeIgniter\CodeIgniter->handleRequest(NULL, Object(Config\Cache), false)
#5 C:\xampp2\htdocs\contratos\public\index.php(37): CodeIgniter\CodeIgniter->run()
#6 {main}
CRITICAL - 2022-03-15 13:48:13 --> file_get_contents(http://localhost:8080/api/pagamento): Failed to open stream: HTTP request failed! HTTP/1.1 401 

#0 [internal function]: CodeIgniter\Debug\Exceptions->errorHandler(2, 'file_get_conten...', 'C:\\xampp2\\htdoc...', 24)
#1 C:\xampp2\htdocs\contratos\app\Controllers\Home.php(24): file_get_contents('http://localhos...')
#2 C:\xampp2\htdocs\contratos\system\CodeIgniter.php(825): App\Controllers\Home->pagina_inicial()
#3 C:\xampp2\htdocs\contratos\system\CodeIgniter.php(412): CodeIgniter\CodeIgniter->runController(Object(App\Controllers\Home))
#4 C:\xampp2\htdocs\contratos\system\CodeIgniter.php(320): CodeIgniter\CodeIgniter->handleRequest(NULL, Object(Config\Cache), false)
#5 C:\xampp2\htdocs\contratos\public\index.php(37): CodeIgniter\CodeIgniter->run()
#6 {main}
CRITICAL - 2022-03-15 14:34:19 --> require_once(dompdf/autoload.php): Failed to open stream: No such file or directory
#0 C:\xampp2\htdocs\contratos\app\Controllers\ContratoController.php(224): CodeIgniter\Debug\Exceptions->errorHandler(2, 'require_once(do...', 'C:\\xampp2\\htdoc...', 224)
#1 C:\xampp2\htdocs\contratos\app\Controllers\ContratoController.php(224): require_once()
#2 C:\xampp2\htdocs\contratos\system\CodeIgniter.php(825): App\Controllers\ContratoController->pdf_contrato('19')
#3 C:\xampp2\htdocs\contratos\system\CodeIgniter.php(412): CodeIgniter\CodeIgniter->runController(Object(App\Controllers\ContratoController))
#4 C:\xampp2\htdocs\contratos\system\CodeIgniter.php(320): CodeIgniter\CodeIgniter->handleRequest(NULL, Object(Config\Cache), false)
#5 C:\xampp2\htdocs\contratos\public\index.php(37): CodeIgniter\CodeIgniter->run()
#6 {main}
CRITICAL - 2022-03-15 14:34:57 --> require_once(public/dompdf/autoload.php): Failed to open stream: No such file or directory
#0 C:\xampp2\htdocs\contratos\app\Controllers\ContratoController.php(224): CodeIgniter\Debug\Exceptions->errorHandler(2, 'require_once(pu...', 'C:\\xampp2\\htdoc...', 224)
#1 C:\xampp2\htdocs\contratos\app\Controllers\ContratoController.php(224): require_once()
#2 C:\xampp2\htdocs\contratos\system\CodeIgniter.php(825): App\Controllers\ContratoController->pdf_contrato('19')
#3 C:\xampp2\htdocs\contratos\system\CodeIgniter.php(412): CodeIgniter\CodeIgniter->runController(Object(App\Controllers\ContratoController))
#4 C:\xampp2\htdocs\contratos\system\CodeIgniter.php(320): CodeIgniter\CodeIgniter->handleRequest(NULL, Object(Config\Cache), false)
#5 C:\xampp2\htdocs\contratos\public\index.php(37): CodeIgniter\CodeIgniter->run()
#6 {main}
CRITICAL - 2022-03-15 14:35:18 --> require_once(../dompdf/autoload.php): Failed to open stream: No such file or directory
#0 C:\xampp2\htdocs\contratos\app\Controllers\ContratoController.php(224): CodeIgniter\Debug\Exceptions->errorHandler(2, 'require_once(.....', 'C:\\xampp2\\htdoc...', 224)
#1 C:\xampp2\htdocs\contratos\app\Controllers\ContratoController.php(224): require_once()
#2 C:\xampp2\htdocs\contratos\system\CodeIgniter.php(825): App\Controllers\ContratoController->pdf_contrato('19')
#3 C:\xampp2\htdocs\contratos\system\CodeIgniter.php(412): CodeIgniter\CodeIgniter->runController(Object(App\Controllers\ContratoController))
#4 C:\xampp2\htdocs\contratos\system\CodeIgniter.php(320): CodeIgniter\CodeIgniter->handleRequest(NULL, Object(Config\Cache), false)
#5 C:\xampp2\htdocs\contratos\public\index.php(37): CodeIgniter\CodeIgniter->run()
#6 {main}
CRITICAL - 2022-03-15 14:35:22 --> require_once(../dompdf/autoload.php): Failed to open stream: No such file or directory
#0 C:\xampp2\htdocs\contratos\app\Controllers\ContratoController.php(224): CodeIgniter\Debug\Exceptions->errorHandler(2, 'require_once(.....', 'C:\\xampp2\\htdoc...', 224)
#1 C:\xampp2\htdocs\contratos\app\Controllers\ContratoController.php(224): require_once()
#2 C:\xampp2\htdocs\contratos\system\CodeIgniter.php(825): App\Controllers\ContratoController->pdf_contrato('19')
#3 C:\xampp2\htdocs\contratos\system\CodeIgniter.php(412): CodeIgniter\CodeIgniter->runController(Object(App\Controllers\ContratoController))
#4 C:\xampp2\htdocs\contratos\system\CodeIgniter.php(320): CodeIgniter\CodeIgniter->handleRequest(NULL, Object(Config\Cache), false)
#5 C:\xampp2\htdocs\contratos\public\index.php(37): CodeIgniter\CodeIgniter->run()
#6 {main}
CRITICAL - 2022-03-15 14:37:35 --> require_once(dompdf/autoload.php): Failed to open stream: No such file or directory
#0 C:\xampp2\htdocs\contratos\app\Controllers\ContratoController.php(224): CodeIgniter\Debug\Exceptions->errorHandler(2, 'require_once(do...', 'C:\\xampp2\\htdoc...', 224)
#1 C:\xampp2\htdocs\contratos\app\Controllers\ContratoController.php(224): require_once()
#2 C:\xampp2\htdocs\contratos\system\CodeIgniter.php(825): App\Controllers\ContratoController->pdf_contrato('19')
#3 C:\xampp2\htdocs\contratos\system\CodeIgniter.php(412): CodeIgniter\CodeIgniter->runController(Object(App\Controllers\ContratoController))
#4 C:\xampp2\htdocs\contratos\system\CodeIgniter.php(320): CodeIgniter\CodeIgniter->handleRequest(NULL, Object(Config\Cache), false)
#5 C:\xampp2\htdocs\contratos\public\index.php(37): CodeIgniter\CodeIgniter->run()
#6 {main}
CRITICAL - 2022-03-15 14:39:03 --> require_once(dompdf/autoload.php): Failed to open stream: No such file or directory
#0 C:\xampp2\htdocs\contratos\app\Controllers\ContratoController.php(224): CodeIgniter\Debug\Exceptions->errorHandler(2, 'require_once(do...', 'C:\\xampp2\\htdoc...', 224)
#1 C:\xampp2\htdocs\contratos\app\Controllers\ContratoController.php(224): require_once()
#2 C:\xampp2\htdocs\contratos\system\CodeIgniter.php(825): App\Controllers\ContratoController->pdf_contrato('19')
#3 C:\xampp2\htdocs\contratos\system\CodeIgniter.php(412): CodeIgniter\CodeIgniter->runController(Object(App\Controllers\ContratoController))
#4 C:\xampp2\htdocs\contratos\system\CodeIgniter.php(320): CodeIgniter\CodeIgniter->handleRequest(NULL, Object(Config\Cache), false)
#5 C:\xampp2\htdocs\contratos\public\index.php(37): CodeIgniter\CodeIgniter->run()
#6 {main}
CRITICAL - 2022-03-15 14:40:14 --> require_once(dompdf/autoload.inc.php): Failed to open stream: No such file or directory
#0 C:\xampp2\htdocs\contratos\app\Controllers\ContratoController.php(224): CodeIgniter\Debug\Exceptions->errorHandler(2, 'require_once(do...', 'C:\\xampp2\\htdoc...', 224)
#1 C:\xampp2\htdocs\contratos\app\Controllers\ContratoController.php(224): require_once()
#2 C:\xampp2\htdocs\contratos\system\CodeIgniter.php(825): App\Controllers\ContratoController->pdf_contrato('19')
#3 C:\xampp2\htdocs\contratos\system\CodeIgniter.php(412): CodeIgniter\CodeIgniter->runController(Object(App\Controllers\ContratoController))
#4 C:\xampp2\htdocs\contratos\system\CodeIgniter.php(320): CodeIgniter\CodeIgniter->handleRequest(NULL, Object(Config\Cache), false)
#5 C:\xampp2\htdocs\contratos\public\index.php(37): CodeIgniter\CodeIgniter->run()
#6 {main}
CRITICAL - 2022-03-15 15:20:13 --> mb_convert_encoding(): Argument #3 ($from_encoding) contains invalid encoding "<label>Código do Contrato: </label>12121212"
#0 C:\xampp2\htdocs\contratos\public\dompdf\src\Dompdf.php(471): mb_convert_encoding('\r\n            <...', 'UTF-8', '<label>C\xC3\xB3digo ...')
#1 C:\xampp2\htdocs\contratos\public\dompdf\src\Dompdf.php(430): Dompdf\Dompdf->loadHtml('\r\n            <...', '<label>C\xC3\xB3digo ...')
#2 C:\xampp2\htdocs\contratos\app\Controllers\ContratoController.php(237): Dompdf\Dompdf->load_html('\r\n            <...', '<label>C\xC3\xB3digo ...')
#3 C:\xampp2\htdocs\contratos\system\CodeIgniter.php(825): App\Controllers\ContratoController->pdf_contrato('19')
#4 C:\xampp2\htdocs\contratos\system\CodeIgniter.php(412): CodeIgniter\CodeIgniter->runController(Object(App\Controllers\ContratoController))
#5 C:\xampp2\htdocs\contratos\system\CodeIgniter.php(320): CodeIgniter\CodeIgniter->handleRequest(NULL, Object(Config\Cache), false)
#6 C:\xampp2\htdocs\contratos\public\index.php(37): CodeIgniter\CodeIgniter->run()
#7 {main}
CRITICAL - 2022-03-15 15:31:04 --> Undefined array key "cod_contrato"
#0 C:\xampp2\htdocs\contratos\app\Controllers\ContratoController.php(239): CodeIgniter\Debug\Exceptions->errorHandler(2, 'Undefined array...', 'C:\\xampp2\\htdoc...', 239)
#1 C:\xampp2\htdocs\contratos\system\CodeIgniter.php(825): App\Controllers\ContratoController->pdf_contrato('19')
#2 C:\xampp2\htdocs\contratos\system\CodeIgniter.php(412): CodeIgniter\CodeIgniter->runController(Object(App\Controllers\ContratoController))
#3 C:\xampp2\htdocs\contratos\system\CodeIgniter.php(320): CodeIgniter\CodeIgniter->handleRequest(NULL, Object(Config\Cache), false)
#4 C:\xampp2\htdocs\contratos\public\index.php(37): CodeIgniter\CodeIgniter->run()
#5 {main}
